This file contains any messages produced by compilers while
running configure, to aid debugging if configure makes a mistake.

It was created by tcsh configure 6.21.00, which was
generated by GNU Autoconf 2.69.  Invocation command line was

  $ ../tcsh/configure --bindir=/bin ac_cv_func_sbrk=no CFLAGS=-arch x86_64 -arch i386 -D_PATH_TCSHELL='"/bin/tcsh"' -no-cpp-precomp -mdynamic-no-pic -DDARWIN -fstack-protector-all LD=/Users/ariel/private-bin/ld CC=/Users/ariel/private-bin/clang CXX=/Users/ariel/private-bin/clang++ CPPFLAGS=-isystem/Users/ariel/git/darling/Developer/Platforms/MacOSX.platform/Developer/SDKs/MacOSX.sdk/usr/include -isystem/Users/ariel/arch/build/darling/Developer/Platforms/MacOSX.platform/Developer/SDKs/MacOSX.sdk/usr/include -isystem/Users/ariel/git/darling/framework-include -DDARLING

## --------- ##
## Platform. ##
## --------- ##

hostname = Ariels-iMac.local
uname -m = x86_64
uname -r = 19.6.0
uname -s = Darwin
uname -v = Darwin Kernel Version 19.6.0: Sun Jul  5 00:43:10 PDT 2020; root:xnu-6153.141.1~9/RELEASE_X86_64

/usr/bin/uname -p = i386
/bin/uname -X     = unknown

/bin/arch              = unknown
/usr/bin/arch -k       = unknown
/usr/convex/getsysinfo = unknown
/usr/bin/hostinfo      = Mach kernel version:
	 Darwin Kernel Version 19.6.0: Sun Jul  5 00:43:10 PDT 2020; root:xnu-6153.141.1~9/RELEASE_X86_64
Kernel configured for up to 12 processors.
6 processors are physically available.
12 processors are logically available.
Processor type: x86_64h (Intel x86-64h Haswell)
Processors active: 0 1 2 3 4 5 6 7 8 9 10 11
Primary memory available: 12.00 gigabytes
Default processor set: 355 tasks, 1576 threads, 12 processors
Load average: 1.21, Mach factor: 10.77
/bin/machine           = unknown
/usr/bin/oslevel       = unknown
/bin/universe          = unknown

PATH: /Users/ariel/.cargo/bin
PATH: /Users/ariel/.nvm/versions/node/v14.6.0/bin
PATH: /Users/ariel/.cargo/bin
PATH: /Users/ariel/bin
PATH: /Users/ariel/private-bin
PATH: /usr/local/bin
PATH: /usr/bin
PATH: /bin
PATH: /usr/sbin
PATH: /sbin
PATH: /Library/Apple/usr/bin
PATH: /Users/ariel/Library/Python/3.8/bin


## ----------- ##
## Core tests. ##
## ----------- ##

configure:2575: checking for a BSD-compatible install
configure:2643: result: /usr/bin/install -c
configure:2658: checking build system type
configure:2672: result: x86_64-apple-darwin19.6.0
configure:2692: checking host system type
configure:2705: result: x86_64-apple-darwin19.6.0
configure:2726: checking cached host tuple
configure:2734: result: ok
configure:3038: checking for gcc
configure:3065: result: /Users/ariel/private-bin/clang
configure:3294: checking for C compiler version
configure:3303: /Users/ariel/private-bin/clang --version >&5
Apple clang version 11.0.3 (clang-1103.0.32.62)
Target: x86_64-apple-darwin19.6.0
Thread model: posix
InstalledDir: /Applications/Xcode.app/Contents/Developer/Toolchains/XcodeDefault.xctoolchain/usr/bin
configure:3314: $? = 0
configure:3303: /Users/ariel/private-bin/clang -v >&5
Apple clang version 11.0.3 (clang-1103.0.32.62)
Target: x86_64-apple-darwin19.6.0
Thread model: posix
InstalledDir: /Applications/Xcode.app/Contents/Developer/Toolchains/XcodeDefault.xctoolchain/usr/bin
configure:3314: $? = 0
configure:3303: /Users/ariel/private-bin/clang -V >&5
clang: error: unsupported option '-V -Wno-objc-signed-char-bool-implicit-int-conversion'
clang: error: no input files
configure:3314: $? = 1
configure:3303: /Users/ariel/private-bin/clang -qversion >&5
clang: error: unknown argument '-qversion'; did you mean '--version'?
clang: error: no input files
configure:3314: $? = 1
configure:3334: checking whether the C compiler works
configure:3356: /Users/ariel/private-bin/clang -arch x86_64 -arch i386 -D_PATH_TCSHELL='"/bin/tcsh"' -no-cpp-precomp -mdynamic-no-pic -DDARWIN -fstack-protector-all -isystem/Users/ariel/git/darling/Developer/Platforms/MacOSX.platform/Developer/SDKs/MacOSX.sdk/usr/include -isystem/Users/ariel/arch/build/darling/Developer/Platforms/MacOSX.platform/Developer/SDKs/MacOSX.sdk/usr/include -isystem/Users/ariel/git/darling/framework-include -DDARLING  conftest.c  >&5
configure:3360: $? = 0
configure:3408: result: yes
configure:3411: checking for C compiler default output file name
configure:3413: result: a.out
configure:3419: checking for suffix of executables
configure:3426: /Users/ariel/private-bin/clang -o conftest -arch x86_64 -arch i386 -D_PATH_TCSHELL='"/bin/tcsh"' -no-cpp-precomp -mdynamic-no-pic -DDARWIN -fstack-protector-all -isystem/Users/ariel/git/darling/Developer/Platforms/MacOSX.platform/Developer/SDKs/MacOSX.sdk/usr/include -isystem/Users/ariel/arch/build/darling/Developer/Platforms/MacOSX.platform/Developer/SDKs/MacOSX.sdk/usr/include -isystem/Users/ariel/git/darling/framework-include -DDARLING  conftest.c  >&5
configure:3430: $? = 0
configure:3452: result: 
configure:3474: checking whether we are cross compiling
configure:3482: /Users/ariel/private-bin/clang -o conftest -arch x86_64 -arch i386 -D_PATH_TCSHELL='"/bin/tcsh"' -no-cpp-precomp -mdynamic-no-pic -DDARWIN -fstack-protector-all -isystem/Users/ariel/git/darling/Developer/Platforms/MacOSX.platform/Developer/SDKs/MacOSX.sdk/usr/include -isystem/Users/ariel/arch/build/darling/Developer/Platforms/MacOSX.platform/Developer/SDKs/MacOSX.sdk/usr/include -isystem/Users/ariel/git/darling/framework-include -DDARLING  conftest.c  >&5
configure:3486: $? = 0
configure:3493: ./conftest
configure:3497: $? = 0
configure:3512: result: no
configure:3517: checking for suffix of object files
configure:3539: /Users/ariel/private-bin/clang -c -arch x86_64 -arch i386 -D_PATH_TCSHELL='"/bin/tcsh"' -no-cpp-precomp -mdynamic-no-pic -DDARWIN -fstack-protector-all -isystem/Users/ariel/git/darling/Developer/Platforms/MacOSX.platform/Developer/SDKs/MacOSX.sdk/usr/include -isystem/Users/ariel/arch/build/darling/Developer/Platforms/MacOSX.platform/Developer/SDKs/MacOSX.sdk/usr/include -isystem/Users/ariel/git/darling/framework-include -DDARLING conftest.c >&5
configure:3543: $? = 0
configure:3564: result: o
configure:3568: checking whether we are using the GNU C compiler
configure:3587: /Users/ariel/private-bin/clang -c -arch x86_64 -arch i386 -D_PATH_TCSHELL='"/bin/tcsh"' -no-cpp-precomp -mdynamic-no-pic -DDARWIN -fstack-protector-all -isystem/Users/ariel/git/darling/Developer/Platforms/MacOSX.platform/Developer/SDKs/MacOSX.sdk/usr/include -isystem/Users/ariel/arch/build/darling/Developer/Platforms/MacOSX.platform/Developer/SDKs/MacOSX.sdk/usr/include -isystem/Users/ariel/git/darling/framework-include -DDARLING conftest.c >&5
configure:3587: $? = 0
configure:3596: result: yes
configure:3605: checking whether /Users/ariel/private-bin/clang accepts -g
configure:3625: /Users/ariel/private-bin/clang -c -g -isystem/Users/ariel/git/darling/Developer/Platforms/MacOSX.platform/Developer/SDKs/MacOSX.sdk/usr/include -isystem/Users/ariel/arch/build/darling/Developer/Platforms/MacOSX.platform/Developer/SDKs/MacOSX.sdk/usr/include -isystem/Users/ariel/git/darling/framework-include -DDARLING conftest.c >&5
configure:3625: $? = 0
configure:3666: result: yes
configure:3683: checking for /Users/ariel/private-bin/clang option to accept ISO C89
configure:3746: /Users/ariel/private-bin/clang  -c -arch x86_64 -arch i386 -D_PATH_TCSHELL='"/bin/tcsh"' -no-cpp-precomp -mdynamic-no-pic -DDARWIN -fstack-protector-all -isystem/Users/ariel/git/darling/Developer/Platforms/MacOSX.platform/Developer/SDKs/MacOSX.sdk/usr/include -isystem/Users/ariel/arch/build/darling/Developer/Platforms/MacOSX.platform/Developer/SDKs/MacOSX.sdk/usr/include -isystem/Users/ariel/git/darling/framework-include -DDARLING conftest.c >&5
configure:3746: $? = 0
configure:3759: result: none needed
configure:3784: checking how to run the C preprocessor
configure:3815: /Users/ariel/private-bin/clang -E -isystem/Users/ariel/git/darling/Developer/Platforms/MacOSX.platform/Developer/SDKs/MacOSX.sdk/usr/include -isystem/Users/ariel/arch/build/darling/Developer/Platforms/MacOSX.platform/Developer/SDKs/MacOSX.sdk/usr/include -isystem/Users/ariel/git/darling/framework-include -DDARLING conftest.c
configure:3815: $? = 0
configure:3829: /Users/ariel/private-bin/clang -E -isystem/Users/ariel/git/darling/Developer/Platforms/MacOSX.platform/Developer/SDKs/MacOSX.sdk/usr/include -isystem/Users/ariel/arch/build/darling/Developer/Platforms/MacOSX.platform/Developer/SDKs/MacOSX.sdk/usr/include -isystem/Users/ariel/git/darling/framework-include -DDARLING conftest.c
conftest.c:9:10: fatal error: 'ac_nonexistent.h' file not found
#include <ac_nonexistent.h>
         ^~~~~~~~~~~~~~~~~~
1 error generated.
configure:3829: $? = 1
configure: failed program was:
| /* confdefs.h */
| #define PACKAGE_NAME "tcsh"
| #define PACKAGE_TARNAME "tcsh"
| #define PACKAGE_VERSION "6.21.00"
| #define PACKAGE_STRING "tcsh 6.21.00"
| #define PACKAGE_BUGREPORT "https://bugs.astron.com/"
| #define PACKAGE_URL ""
| /* end confdefs.h.  */
| #include <ac_nonexistent.h>
configure:3854: result: /Users/ariel/private-bin/clang -E
configure:3874: /Users/ariel/private-bin/clang -E -isystem/Users/ariel/git/darling/Developer/Platforms/MacOSX.platform/Developer/SDKs/MacOSX.sdk/usr/include -isystem/Users/ariel/arch/build/darling/Developer/Platforms/MacOSX.platform/Developer/SDKs/MacOSX.sdk/usr/include -isystem/Users/ariel/git/darling/framework-include -DDARLING conftest.c
configure:3874: $? = 0
configure:3888: /Users/ariel/private-bin/clang -E -isystem/Users/ariel/git/darling/Developer/Platforms/MacOSX.platform/Developer/SDKs/MacOSX.sdk/usr/include -isystem/Users/ariel/arch/build/darling/Developer/Platforms/MacOSX.platform/Developer/SDKs/MacOSX.sdk/usr/include -isystem/Users/ariel/git/darling/framework-include -DDARLING conftest.c
conftest.c:9:10: fatal error: 'ac_nonexistent.h' file not found
#include <ac_nonexistent.h>
         ^~~~~~~~~~~~~~~~~~
1 error generated.
configure:3888: $? = 1
configure: failed program was:
| /* confdefs.h */
| #define PACKAGE_NAME "tcsh"
| #define PACKAGE_TARNAME "tcsh"
| #define PACKAGE_VERSION "6.21.00"
| #define PACKAGE_STRING "tcsh 6.21.00"
| #define PACKAGE_BUGREPORT "https://bugs.astron.com/"
| #define PACKAGE_URL ""
| /* end confdefs.h.  */
| #include <ac_nonexistent.h>
configure:3918: checking for grep that handles long lines and -e
configure:3976: result: /usr/bin/grep
configure:3981: checking for egrep
configure:4043: result: /usr/bin/grep -E
configure:4049: checking whether /Users/ariel/private-bin/clang needs -traditional
conftest.c:9:10: fatal error: 'termio.h' file not found
#include <termio.h>
         ^~~~~~~~~~
1 error generated.
configure:4083: result: no
configure:4093: checking for gencat
configure:4111: found /usr/bin/gencat
configure:4123: result: /usr/bin/gencat
configure:4151: checking for library containing crypt
configure:4182: /Users/ariel/private-bin/clang -o conftest -arch x86_64 -arch i386 -D_PATH_TCSHELL='"/bin/tcsh"' -no-cpp-precomp -mdynamic-no-pic -DDARWIN -fstack-protector-all -isystem/Users/ariel/git/darling/Developer/Platforms/MacOSX.platform/Developer/SDKs/MacOSX.sdk/usr/include -isystem/Users/ariel/arch/build/darling/Developer/Platforms/MacOSX.platform/Developer/SDKs/MacOSX.sdk/usr/include -isystem/Users/ariel/git/darling/framework-include -DDARLING  conftest.c  >&5
configure:4182: $? = 0
configure:4199: result: none required
configure:4207: checking for library containing getspnam
configure:4238: /Users/ariel/private-bin/clang -o conftest -arch x86_64 -arch i386 -D_PATH_TCSHELL='"/bin/tcsh"' -no-cpp-precomp -mdynamic-no-pic -DDARWIN -fstack-protector-all -isystem/Users/ariel/git/darling/Developer/Platforms/MacOSX.platform/Developer/SDKs/MacOSX.sdk/usr/include -isystem/Users/ariel/arch/build/darling/Developer/Platforms/MacOSX.platform/Developer/SDKs/MacOSX.sdk/usr/include -isystem/Users/ariel/git/darling/framework-include -DDARLING  conftest.c  >&5
Undefined symbols for architecture x86_64:
  "_getspnam", referenced from:
      _main in conftest-d76e10.o
ld: symbol(s) not found for architecture x86_64
clang: error: linker command failed with exit code 1 (use -v to see invocation)
configure:4238: $? = 1
configure: failed program was:
| /* confdefs.h */
| #define PACKAGE_NAME "tcsh"
| #define PACKAGE_TARNAME "tcsh"
| #define PACKAGE_VERSION "6.21.00"
| #define PACKAGE_STRING "tcsh 6.21.00"
| #define PACKAGE_BUGREPORT "https://bugs.astron.com/"
| #define PACKAGE_URL ""
| /* end confdefs.h.  */
| 
| /* Override any GCC internal prototype to avoid an error.
|    Use char because int might match the return type of a GCC
|    builtin and then its argument prototype would still apply.  */
| #ifdef __cplusplus
| extern "C"
| #endif
| char getspnam ();
| int
| main ()
| {
| return getspnam ();
|   ;
|   return 0;
| }
configure:4238: /Users/ariel/private-bin/clang -o conftest -arch x86_64 -arch i386 -D_PATH_TCSHELL='"/bin/tcsh"' -no-cpp-precomp -mdynamic-no-pic -DDARWIN -fstack-protector-all -isystem/Users/ariel/git/darling/Developer/Platforms/MacOSX.platform/Developer/SDKs/MacOSX.sdk/usr/include -isystem/Users/ariel/arch/build/darling/Developer/Platforms/MacOSX.platform/Developer/SDKs/MacOSX.sdk/usr/include -isystem/Users/ariel/git/darling/framework-include -DDARLING  conftest.c -lsec   >&5
ld: library not found for -lsec
clang: error: linker command failed with exit code 1 (use -v to see invocation)
configure:4238: $? = 1
configure: failed program was:
| /* confdefs.h */
| #define PACKAGE_NAME "tcsh"
| #define PACKAGE_TARNAME "tcsh"
| #define PACKAGE_VERSION "6.21.00"
| #define PACKAGE_STRING "tcsh 6.21.00"
| #define PACKAGE_BUGREPORT "https://bugs.astron.com/"
| #define PACKAGE_URL ""
| /* end confdefs.h.  */
| 
| /* Override any GCC internal prototype to avoid an error.
|    Use char because int might match the return type of a GCC
|    builtin and then its argument prototype would still apply.  */
| #ifdef __cplusplus
| extern "C"
| #endif
| char getspnam ();
| int
| main ()
| {
| return getspnam ();
|   ;
|   return 0;
| }
configure:4255: result: no
configure:4263: checking for library containing tgetent
configure:4294: /Users/ariel/private-bin/clang -o conftest -arch x86_64 -arch i386 -D_PATH_TCSHELL='"/bin/tcsh"' -no-cpp-precomp -mdynamic-no-pic -DDARWIN -fstack-protector-all -isystem/Users/ariel/git/darling/Developer/Platforms/MacOSX.platform/Developer/SDKs/MacOSX.sdk/usr/include -isystem/Users/ariel/arch/build/darling/Developer/Platforms/MacOSX.platform/Developer/SDKs/MacOSX.sdk/usr/include -isystem/Users/ariel/git/darling/framework-include -DDARLING  conftest.c  >&5
Undefined symbols for architecture x86_64:
  "_tgetent", referenced from:
      _main in conftest-6115bd.o
ld: symbol(s) not found for architecture x86_64
clang: error: linker command failed with exit code 1 (use -v to see invocation)
configure:4294: $? = 1
configure: failed program was:
| /* confdefs.h */
| #define PACKAGE_NAME "tcsh"
| #define PACKAGE_TARNAME "tcsh"
| #define PACKAGE_VERSION "6.21.00"
| #define PACKAGE_STRING "tcsh 6.21.00"
| #define PACKAGE_BUGREPORT "https://bugs.astron.com/"
| #define PACKAGE_URL ""
| /* end confdefs.h.  */
| 
| /* Override any GCC internal prototype to avoid an error.
|    Use char because int might match the return type of a GCC
|    builtin and then its argument prototype would still apply.  */
| #ifdef __cplusplus
| extern "C"
| #endif
| char tgetent ();
| int
| main ()
| {
| return tgetent ();
|   ;
|   return 0;
| }
configure:4294: /Users/ariel/private-bin/clang -o conftest -arch x86_64 -arch i386 -D_PATH_TCSHELL='"/bin/tcsh"' -no-cpp-precomp -mdynamic-no-pic -DDARWIN -fstack-protector-all -isystem/Users/ariel/git/darling/Developer/Platforms/MacOSX.platform/Developer/SDKs/MacOSX.sdk/usr/include -isystem/Users/ariel/arch/build/darling/Developer/Platforms/MacOSX.platform/Developer/SDKs/MacOSX.sdk/usr/include -isystem/Users/ariel/git/darling/framework-include -DDARLING  conftest.c -ltermlib   >&5
ld: library not found for -ltermlib
clang: error: linker command failed with exit code 1 (use -v to see invocation)
configure:4294: $? = 1
configure: failed program was:
| /* confdefs.h */
| #define PACKAGE_NAME "tcsh"
| #define PACKAGE_TARNAME "tcsh"
| #define PACKAGE_VERSION "6.21.00"
| #define PACKAGE_STRING "tcsh 6.21.00"
| #define PACKAGE_BUGREPORT "https://bugs.astron.com/"
| #define PACKAGE_URL ""
| /* end confdefs.h.  */
| 
| /* Override any GCC internal prototype to avoid an error.
|    Use char because int might match the return type of a GCC
|    builtin and then its argument prototype would still apply.  */
| #ifdef __cplusplus
| extern "C"
| #endif
| char tgetent ();
| int
| main ()
| {
| return tgetent ();
|   ;
|   return 0;
| }
configure:4294: /Users/ariel/private-bin/clang -o conftest -arch x86_64 -arch i386 -D_PATH_TCSHELL='"/bin/tcsh"' -no-cpp-precomp -mdynamic-no-pic -DDARWIN -fstack-protector-all -isystem/Users/ariel/git/darling/Developer/Platforms/MacOSX.platform/Developer/SDKs/MacOSX.sdk/usr/include -isystem/Users/ariel/arch/build/darling/Developer/Platforms/MacOSX.platform/Developer/SDKs/MacOSX.sdk/usr/include -isystem/Users/ariel/git/darling/framework-include -DDARLING  conftest.c -ltinfo   >&5
ld: library not found for -ltinfo
clang: error: linker command failed with exit code 1 (use -v to see invocation)
configure:4294: $? = 1
configure: failed program was:
| /* confdefs.h */
| #define PACKAGE_NAME "tcsh"
| #define PACKAGE_TARNAME "tcsh"
| #define PACKAGE_VERSION "6.21.00"
| #define PACKAGE_STRING "tcsh 6.21.00"
| #define PACKAGE_BUGREPORT "https://bugs.astron.com/"
| #define PACKAGE_URL ""
| /* end confdefs.h.  */
| 
| /* Override any GCC internal prototype to avoid an error.
|    Use char because int might match the return type of a GCC
|    builtin and then its argument prototype would still apply.  */
| #ifdef __cplusplus
| extern "C"
| #endif
| char tgetent ();
| int
| main ()
| {
| return tgetent ();
|   ;
|   return 0;
| }
configure:4294: /Users/ariel/private-bin/clang -o conftest -arch x86_64 -arch i386 -D_PATH_TCSHELL='"/bin/tcsh"' -no-cpp-precomp -mdynamic-no-pic -DDARWIN -fstack-protector-all -isystem/Users/ariel/git/darling/Developer/Platforms/MacOSX.platform/Developer/SDKs/MacOSX.sdk/usr/include -isystem/Users/ariel/arch/build/darling/Developer/Platforms/MacOSX.platform/Developer/SDKs/MacOSX.sdk/usr/include -isystem/Users/ariel/git/darling/framework-include -DDARLING  conftest.c -ltermcap   >&5
configure:4294: $? = 0
configure:4311: result: -ltermcap
configure:4323: checking for library containing gethostbyname
configure:4354: /Users/ariel/private-bin/clang -o conftest -arch x86_64 -arch i386 -D_PATH_TCSHELL='"/bin/tcsh"' -no-cpp-precomp -mdynamic-no-pic -DDARWIN -fstack-protector-all -isystem/Users/ariel/git/darling/Developer/Platforms/MacOSX.platform/Developer/SDKs/MacOSX.sdk/usr/include -isystem/Users/ariel/arch/build/darling/Developer/Platforms/MacOSX.platform/Developer/SDKs/MacOSX.sdk/usr/include -isystem/Users/ariel/git/darling/framework-include -DDARLING  conftest.c -ltermcap  >&5
configure:4354: $? = 0
configure:4371: result: none required
configure:4379: checking for library containing connect
configure:4410: /Users/ariel/private-bin/clang -o conftest -arch x86_64 -arch i386 -D_PATH_TCSHELL='"/bin/tcsh"' -no-cpp-precomp -mdynamic-no-pic -DDARWIN -fstack-protector-all -isystem/Users/ariel/git/darling/Developer/Platforms/MacOSX.platform/Developer/SDKs/MacOSX.sdk/usr/include -isystem/Users/ariel/arch/build/darling/Developer/Platforms/MacOSX.platform/Developer/SDKs/MacOSX.sdk/usr/include -isystem/Users/ariel/git/darling/framework-include -DDARLING  conftest.c -ltermcap  >&5
configure:4410: $? = 0
configure:4427: result: none required
configure:4435: checking for library containing catgets
configure:4466: /Users/ariel/private-bin/clang -o conftest -arch x86_64 -arch i386 -D_PATH_TCSHELL='"/bin/tcsh"' -no-cpp-precomp -mdynamic-no-pic -DDARWIN -fstack-protector-all -isystem/Users/ariel/git/darling/Developer/Platforms/MacOSX.platform/Developer/SDKs/MacOSX.sdk/usr/include -isystem/Users/ariel/arch/build/darling/Developer/Platforms/MacOSX.platform/Developer/SDKs/MacOSX.sdk/usr/include -isystem/Users/ariel/git/darling/framework-include -DDARLING  conftest.c -ltermcap  >&5
configure:4466: $? = 0
configure:4483: result: none required
configure:4532: checking for ld used by /Users/ariel/private-bin/clang
configure:4599: result: /Users/ariel/private-bin/ld
configure:4606: checking if the linker (/Users/ariel/private-bin/ld) is GNU ld
configure:4621: result: no
configure:4628: checking for shared library run path origin
configure:4641: result: done
configure:5219: checking for iconv
configure:5243: /Users/ariel/private-bin/clang -o conftest -arch x86_64 -arch i386 -D_PATH_TCSHELL='"/bin/tcsh"' -no-cpp-precomp -mdynamic-no-pic -DDARWIN -fstack-protector-all -isystem/Users/ariel/git/darling/Developer/Platforms/MacOSX.platform/Developer/SDKs/MacOSX.sdk/usr/include -isystem/Users/ariel/arch/build/darling/Developer/Platforms/MacOSX.platform/Developer/SDKs/MacOSX.sdk/usr/include -isystem/Users/ariel/git/darling/framework-include -DDARLING  conftest.c -ltermcap  >&5
Undefined symbols for architecture x86_64:
  "_iconv", referenced from:
      _main in conftest-da5362.o
  "_iconv_close", referenced from:
      _main in conftest-da5362.o
  "_iconv_open", referenced from:
      _main in conftest-da5362.o
ld: symbol(s) not found for architecture x86_64
clang: error: linker command failed with exit code 1 (use -v to see invocation)
configure:5243: $? = 1
configure: failed program was:
| /* confdefs.h */
| #define PACKAGE_NAME "tcsh"
| #define PACKAGE_TARNAME "tcsh"
| #define PACKAGE_VERSION "6.21.00"
| #define PACKAGE_STRING "tcsh 6.21.00"
| #define PACKAGE_BUGREPORT "https://bugs.astron.com/"
| #define PACKAGE_URL ""
| /* end confdefs.h.  */
| 
| #include <stdlib.h>
| #include <iconv.h>
| 
| int
| main ()
| {
| iconv_t cd = iconv_open("","");
|            iconv(cd,NULL,NULL,NULL,NULL);
|            iconv_close(cd);
|   ;
|   return 0;
| }
configure:5267: /Users/ariel/private-bin/clang -o conftest -arch x86_64 -arch i386 -D_PATH_TCSHELL='"/bin/tcsh"' -no-cpp-precomp -mdynamic-no-pic -DDARWIN -fstack-protector-all -isystem/Users/ariel/git/darling/Developer/Platforms/MacOSX.platform/Developer/SDKs/MacOSX.sdk/usr/include -isystem/Users/ariel/arch/build/darling/Developer/Platforms/MacOSX.platform/Developer/SDKs/MacOSX.sdk/usr/include -isystem/Users/ariel/git/darling/framework-include -DDARLING  conftest.c -ltermcap  -liconv >&5
configure:5267: $? = 0
configure:5277: result: yes
configure:5280: checking for working iconv
configure:5409: /Users/ariel/private-bin/clang -o conftest -arch x86_64 -arch i386 -D_PATH_TCSHELL='"/bin/tcsh"' -no-cpp-precomp -mdynamic-no-pic -DDARWIN -fstack-protector-all -isystem/Users/ariel/git/darling/Developer/Platforms/MacOSX.platform/Developer/SDKs/MacOSX.sdk/usr/include -isystem/Users/ariel/arch/build/darling/Developer/Platforms/MacOSX.platform/Developer/SDKs/MacOSX.sdk/usr/include -isystem/Users/ariel/git/darling/framework-include -DDARLING  conftest.c -ltermcap  -liconv >&5
configure:5409: $? = 0
configure:5409: ./conftest
configure:5409: $? = 0
configure:5421: result: yes
configure:5436: checking how to link with libiconv
configure:5438: result: -liconv
configure:5449: checking for iconv declaration
configure:5478: /Users/ariel/private-bin/clang -c -arch x86_64 -arch i386 -D_PATH_TCSHELL='"/bin/tcsh"' -no-cpp-precomp -mdynamic-no-pic -DDARWIN -fstack-protector-all -isystem/Users/ariel/git/darling/Developer/Platforms/MacOSX.platform/Developer/SDKs/MacOSX.sdk/usr/include -isystem/Users/ariel/arch/build/darling/Developer/Platforms/MacOSX.platform/Developer/SDKs/MacOSX.sdk/usr/include -isystem/Users/ariel/git/darling/framework-include -DDARLING conftest.c >&5
configure:5478: $? = 0
configure:5489: result:
         extern size_t iconv (iconv_t cd, char * *inbuf, size_t *inbytesleft, char * *outbuf, size_t *outbytesleft);
configure:5501: checking for ANSI C header files
configure:5521: /Users/ariel/private-bin/clang -c -arch x86_64 -arch i386 -D_PATH_TCSHELL='"/bin/tcsh"' -no-cpp-precomp -mdynamic-no-pic -DDARWIN -fstack-protector-all -isystem/Users/ariel/git/darling/Developer/Platforms/MacOSX.platform/Developer/SDKs/MacOSX.sdk/usr/include -isystem/Users/ariel/arch/build/darling/Developer/Platforms/MacOSX.platform/Developer/SDKs/MacOSX.sdk/usr/include -isystem/Users/ariel/git/darling/framework-include -DDARLING conftest.c >&5
configure:5521: $? = 0
configure:5594: /Users/ariel/private-bin/clang -o conftest -arch x86_64 -arch i386 -D_PATH_TCSHELL='"/bin/tcsh"' -no-cpp-precomp -mdynamic-no-pic -DDARWIN -fstack-protector-all -isystem/Users/ariel/git/darling/Developer/Platforms/MacOSX.platform/Developer/SDKs/MacOSX.sdk/usr/include -isystem/Users/ariel/arch/build/darling/Developer/Platforms/MacOSX.platform/Developer/SDKs/MacOSX.sdk/usr/include -isystem/Users/ariel/git/darling/framework-include -DDARLING  conftest.c -ltermcap  >&5
configure:5594: $? = 0
configure:5594: ./conftest
configure:5594: $? = 0
configure:5605: result: yes
configure:5618: checking for sys/types.h
configure:5618: /Users/ariel/private-bin/clang -c -arch x86_64 -arch i386 -D_PATH_TCSHELL='"/bin/tcsh"' -no-cpp-precomp -mdynamic-no-pic -DDARWIN -fstack-protector-all -isystem/Users/ariel/git/darling/Developer/Platforms/MacOSX.platform/Developer/SDKs/MacOSX.sdk/usr/include -isystem/Users/ariel/arch/build/darling/Developer/Platforms/MacOSX.platform/Developer/SDKs/MacOSX.sdk/usr/include -isystem/Users/ariel/git/darling/framework-include -DDARLING conftest.c >&5
configure:5618: $? = 0
configure:5618: result: yes
configure:5618: checking for sys/stat.h
configure:5618: /Users/ariel/private-bin/clang -c -arch x86_64 -arch i386 -D_PATH_TCSHELL='"/bin/tcsh"' -no-cpp-precomp -mdynamic-no-pic -DDARWIN -fstack-protector-all -isystem/Users/ariel/git/darling/Developer/Platforms/MacOSX.platform/Developer/SDKs/MacOSX.sdk/usr/include -isystem/Users/ariel/arch/build/darling/Developer/Platforms/MacOSX.platform/Developer/SDKs/MacOSX.sdk/usr/include -isystem/Users/ariel/git/darling/framework-include -DDARLING conftest.c >&5
configure:5618: $? = 0
configure:5618: result: yes
configure:5618: checking for stdlib.h
configure:5618: /Users/ariel/private-bin/clang -c -arch x86_64 -arch i386 -D_PATH_TCSHELL='"/bin/tcsh"' -no-cpp-precomp -mdynamic-no-pic -DDARWIN -fstack-protector-all -isystem/Users/ariel/git/darling/Developer/Platforms/MacOSX.platform/Developer/SDKs/MacOSX.sdk/usr/include -isystem/Users/ariel/arch/build/darling/Developer/Platforms/MacOSX.platform/Developer/SDKs/MacOSX.sdk/usr/include -isystem/Users/ariel/git/darling/framework-include -DDARLING conftest.c >&5
configure:5618: $? = 0
configure:5618: result: yes
configure:5618: checking for string.h
configure:5618: /Users/ariel/private-bin/clang -c -arch x86_64 -arch i386 -D_PATH_TCSHELL='"/bin/tcsh"' -no-cpp-precomp -mdynamic-no-pic -DDARWIN -fstack-protector-all -isystem/Users/ariel/git/darling/Developer/Platforms/MacOSX.platform/Developer/SDKs/MacOSX.sdk/usr/include -isystem/Users/ariel/arch/build/darling/Developer/Platforms/MacOSX.platform/Developer/SDKs/MacOSX.sdk/usr/include -isystem/Users/ariel/git/darling/framework-include -DDARLING conftest.c >&5
configure:5618: $? = 0
configure:5618: result: yes
configure:5618: checking for memory.h
configure:5618: /Users/ariel/private-bin/clang -c -arch x86_64 -arch i386 -D_PATH_TCSHELL='"/bin/tcsh"' -no-cpp-precomp -mdynamic-no-pic -DDARWIN -fstack-protector-all -isystem/Users/ariel/git/darling/Developer/Platforms/MacOSX.platform/Developer/SDKs/MacOSX.sdk/usr/include -isystem/Users/ariel/arch/build/darling/Developer/Platforms/MacOSX.platform/Developer/SDKs/MacOSX.sdk/usr/include -isystem/Users/ariel/git/darling/framework-include -DDARLING conftest.c >&5
configure:5618: $? = 0
configure:5618: result: yes
configure:5618: checking for strings.h
configure:5618: /Users/ariel/private-bin/clang -c -arch x86_64 -arch i386 -D_PATH_TCSHELL='"/bin/tcsh"' -no-cpp-precomp -mdynamic-no-pic -DDARWIN -fstack-protector-all -isystem/Users/ariel/git/darling/Developer/Platforms/MacOSX.platform/Developer/SDKs/MacOSX.sdk/usr/include -isystem/Users/ariel/arch/build/darling/Developer/Platforms/MacOSX.platform/Developer/SDKs/MacOSX.sdk/usr/include -isystem/Users/ariel/git/darling/framework-include -DDARLING conftest.c >&5
configure:5618: $? = 0
configure:5618: result: yes
configure:5618: checking for inttypes.h
configure:5618: /Users/ariel/private-bin/clang -c -arch x86_64 -arch i386 -D_PATH_TCSHELL='"/bin/tcsh"' -no-cpp-precomp -mdynamic-no-pic -DDARWIN -fstack-protector-all -isystem/Users/ariel/git/darling/Developer/Platforms/MacOSX.platform/Developer/SDKs/MacOSX.sdk/usr/include -isystem/Users/ariel/arch/build/darling/Developer/Platforms/MacOSX.platform/Developer/SDKs/MacOSX.sdk/usr/include -isystem/Users/ariel/git/darling/framework-include -DDARLING conftest.c >&5
configure:5618: $? = 0
configure:5618: result: yes
configure:5618: checking for stdint.h
configure:5618: /Users/ariel/private-bin/clang -c -arch x86_64 -arch i386 -D_PATH_TCSHELL='"/bin/tcsh"' -no-cpp-precomp -mdynamic-no-pic -DDARWIN -fstack-protector-all -isystem/Users/ariel/git/darling/Developer/Platforms/MacOSX.platform/Developer/SDKs/MacOSX.sdk/usr/include -isystem/Users/ariel/arch/build/darling/Developer/Platforms/MacOSX.platform/Developer/SDKs/MacOSX.sdk/usr/include -isystem/Users/ariel/git/darling/framework-include -DDARLING conftest.c >&5
configure:5618: $? = 0
configure:5618: result: yes
configure:5618: checking for unistd.h
configure:5618: /Users/ariel/private-bin/clang -c -arch x86_64 -arch i386 -D_PATH_TCSHELL='"/bin/tcsh"' -no-cpp-precomp -mdynamic-no-pic -DDARWIN -fstack-protector-all -isystem/Users/ariel/git/darling/Developer/Platforms/MacOSX.platform/Developer/SDKs/MacOSX.sdk/usr/include -isystem/Users/ariel/arch/build/darling/Developer/Platforms/MacOSX.platform/Developer/SDKs/MacOSX.sdk/usr/include -isystem/Users/ariel/git/darling/framework-include -DDARLING conftest.c >&5
configure:5618: $? = 0
configure:5618: result: yes
configure:5633: checking auth.h usability
configure:5633: /Users/ariel/private-bin/clang -c -arch x86_64 -arch i386 -D_PATH_TCSHELL='"/bin/tcsh"' -no-cpp-precomp -mdynamic-no-pic -DDARWIN -fstack-protector-all -isystem/Users/ariel/git/darling/Developer/Platforms/MacOSX.platform/Developer/SDKs/MacOSX.sdk/usr/include -isystem/Users/ariel/arch/build/darling/Developer/Platforms/MacOSX.platform/Developer/SDKs/MacOSX.sdk/usr/include -isystem/Users/ariel/git/darling/framework-include -DDARLING conftest.c >&5
conftest.c:54:10: fatal error: 'auth.h' file not found
#include <auth.h>
         ^~~~~~~~
1 error generated.
configure:5633: $? = 1
configure: failed program was:
| /* confdefs.h */
| #define PACKAGE_NAME "tcsh"
| #define PACKAGE_TARNAME "tcsh"
| #define PACKAGE_VERSION "6.21.00"
| #define PACKAGE_STRING "tcsh 6.21.00"
| #define PACKAGE_BUGREPORT "https://bugs.astron.com/"
| #define PACKAGE_URL ""
| #define HAVE_ICONV 1
| #define ICONV_CONST 
| #define STDC_HEADERS 1
| #define HAVE_SYS_TYPES_H 1
| #define HAVE_SYS_STAT_H 1
| #define HAVE_STDLIB_H 1
| #define HAVE_STRING_H 1
| #define HAVE_MEMORY_H 1
| #define HAVE_STRINGS_H 1
| #define HAVE_INTTYPES_H 1
| #define HAVE_STDINT_H 1
| #define HAVE_UNISTD_H 1
| /* end confdefs.h.  */
| #include <stdio.h>
| #ifdef HAVE_SYS_TYPES_H
| # include <sys/types.h>
| #endif
| #ifdef HAVE_SYS_STAT_H
| # include <sys/stat.h>
| #endif
| #ifdef STDC_HEADERS
| # include <stdlib.h>
| # include <stddef.h>
| #else
| # ifdef HAVE_STDLIB_H
| #  include <stdlib.h>
| # endif
| #endif
| #ifdef HAVE_STRING_H
| # if !defined STDC_HEADERS && defined HAVE_MEMORY_H
| #  include <memory.h>
| # endif
| # include <string.h>
| #endif
| #ifdef HAVE_STRINGS_H
| # include <strings.h>
| #endif
| #ifdef HAVE_INTTYPES_H
| # include <inttypes.h>
| #endif
| #ifdef HAVE_STDINT_H
| # include <stdint.h>
| #endif
| #ifdef HAVE_UNISTD_H
| # include <unistd.h>
| #endif
| #include <auth.h>
configure:5633: result: no
configure:5633: checking auth.h presence
configure:5633: /Users/ariel/private-bin/clang -E -isystem/Users/ariel/git/darling/Developer/Platforms/MacOSX.platform/Developer/SDKs/MacOSX.sdk/usr/include -isystem/Users/ariel/arch/build/darling/Developer/Platforms/MacOSX.platform/Developer/SDKs/MacOSX.sdk/usr/include -isystem/Users/ariel/git/darling/framework-include -DDARLING conftest.c
conftest.c:21:10: fatal error: 'auth.h' file not found
#include <auth.h>
         ^~~~~~~~
1 error generated.
configure:5633: $? = 1
configure: failed program was:
| /* confdefs.h */
| #define PACKAGE_NAME "tcsh"
| #define PACKAGE_TARNAME "tcsh"
| #define PACKAGE_VERSION "6.21.00"
| #define PACKAGE_STRING "tcsh 6.21.00"
| #define PACKAGE_BUGREPORT "https://bugs.astron.com/"
| #define PACKAGE_URL ""
| #define HAVE_ICONV 1
| #define ICONV_CONST 
| #define STDC_HEADERS 1
| #define HAVE_SYS_TYPES_H 1
| #define HAVE_SYS_STAT_H 1
| #define HAVE_STDLIB_H 1
| #define HAVE_STRING_H 1
| #define HAVE_MEMORY_H 1
| #define HAVE_STRINGS_H 1
| #define HAVE_INTTYPES_H 1
| #define HAVE_STDINT_H 1
| #define HAVE_UNISTD_H 1
| /* end confdefs.h.  */
| #include <auth.h>
configure:5633: result: no
configure:5633: checking for auth.h
configure:5633: result: no
configure:5633: checking crypt.h usability
configure:5633: /Users/ariel/private-bin/clang -c -arch x86_64 -arch i386 -D_PATH_TCSHELL='"/bin/tcsh"' -no-cpp-precomp -mdynamic-no-pic -DDARWIN -fstack-protector-all -isystem/Users/ariel/git/darling/Developer/Platforms/MacOSX.platform/Developer/SDKs/MacOSX.sdk/usr/include -isystem/Users/ariel/arch/build/darling/Developer/Platforms/MacOSX.platform/Developer/SDKs/MacOSX.sdk/usr/include -isystem/Users/ariel/git/darling/framework-include -DDARLING conftest.c >&5
conftest.c:54:10: fatal error: 'crypt.h' file not found
#include <crypt.h>
         ^~~~~~~~~
1 error generated.
configure:5633: $? = 1
configure: failed program was:
| /* confdefs.h */
| #define PACKAGE_NAME "tcsh"
| #define PACKAGE_TARNAME "tcsh"
| #define PACKAGE_VERSION "6.21.00"
| #define PACKAGE_STRING "tcsh 6.21.00"
| #define PACKAGE_BUGREPORT "https://bugs.astron.com/"
| #define PACKAGE_URL ""
| #define HAVE_ICONV 1
| #define ICONV_CONST 
| #define STDC_HEADERS 1
| #define HAVE_SYS_TYPES_H 1
| #define HAVE_SYS_STAT_H 1
| #define HAVE_STDLIB_H 1
| #define HAVE_STRING_H 1
| #define HAVE_MEMORY_H 1
| #define HAVE_STRINGS_H 1
| #define HAVE_INTTYPES_H 1
| #define HAVE_STDINT_H 1
| #define HAVE_UNISTD_H 1
| /* end confdefs.h.  */
| #include <stdio.h>
| #ifdef HAVE_SYS_TYPES_H
| # include <sys/types.h>
| #endif
| #ifdef HAVE_SYS_STAT_H
| # include <sys/stat.h>
| #endif
| #ifdef STDC_HEADERS
| # include <stdlib.h>
| # include <stddef.h>
| #else
| # ifdef HAVE_STDLIB_H
| #  include <stdlib.h>
| # endif
| #endif
| #ifdef HAVE_STRING_H
| # if !defined STDC_HEADERS && defined HAVE_MEMORY_H
| #  include <memory.h>
| # endif
| # include <string.h>
| #endif
| #ifdef HAVE_STRINGS_H
| # include <strings.h>
| #endif
| #ifdef HAVE_INTTYPES_H
| # include <inttypes.h>
| #endif
| #ifdef HAVE_STDINT_H
| # include <stdint.h>
| #endif
| #ifdef HAVE_UNISTD_H
| # include <unistd.h>
| #endif
| #include <crypt.h>
configure:5633: result: no
configure:5633: checking crypt.h presence
configure:5633: /Users/ariel/private-bin/clang -E -isystem/Users/ariel/git/darling/Developer/Platforms/MacOSX.platform/Developer/SDKs/MacOSX.sdk/usr/include -isystem/Users/ariel/arch/build/darling/Developer/Platforms/MacOSX.platform/Developer/SDKs/MacOSX.sdk/usr/include -isystem/Users/ariel/git/darling/framework-include -DDARLING conftest.c
conftest.c:21:10: fatal error: 'crypt.h' file not found
#include <crypt.h>
         ^~~~~~~~~
1 error generated.
configure:5633: $? = 1
configure: failed program was:
| /* confdefs.h */
| #define PACKAGE_NAME "tcsh"
| #define PACKAGE_TARNAME "tcsh"
| #define PACKAGE_VERSION "6.21.00"
| #define PACKAGE_STRING "tcsh 6.21.00"
| #define PACKAGE_BUGREPORT "https://bugs.astron.com/"
| #define PACKAGE_URL ""
| #define HAVE_ICONV 1
| #define ICONV_CONST 
| #define STDC_HEADERS 1
| #define HAVE_SYS_TYPES_H 1
| #define HAVE_SYS_STAT_H 1
| #define HAVE_STDLIB_H 1
| #define HAVE_STRING_H 1
| #define HAVE_MEMORY_H 1
| #define HAVE_STRINGS_H 1
| #define HAVE_INTTYPES_H 1
| #define HAVE_STDINT_H 1
| #define HAVE_UNISTD_H 1
| /* end confdefs.h.  */
| #include <crypt.h>
configure:5633: result: no
configure:5633: checking for crypt.h
configure:5633: result: no
configure:5633: checking features.h usability
configure:5633: /Users/ariel/private-bin/clang -c -arch x86_64 -arch i386 -D_PATH_TCSHELL='"/bin/tcsh"' -no-cpp-precomp -mdynamic-no-pic -DDARWIN -fstack-protector-all -isystem/Users/ariel/git/darling/Developer/Platforms/MacOSX.platform/Developer/SDKs/MacOSX.sdk/usr/include -isystem/Users/ariel/arch/build/darling/Developer/Platforms/MacOSX.platform/Developer/SDKs/MacOSX.sdk/usr/include -isystem/Users/ariel/git/darling/framework-include -DDARLING conftest.c >&5
conftest.c:54:10: fatal error: 'features.h' file not found
#include <features.h>
         ^~~~~~~~~~~~
1 error generated.
configure:5633: $? = 1
configure: failed program was:
| /* confdefs.h */
| #define PACKAGE_NAME "tcsh"
| #define PACKAGE_TARNAME "tcsh"
| #define PACKAGE_VERSION "6.21.00"
| #define PACKAGE_STRING "tcsh 6.21.00"
| #define PACKAGE_BUGREPORT "https://bugs.astron.com/"
| #define PACKAGE_URL ""
| #define HAVE_ICONV 1
| #define ICONV_CONST 
| #define STDC_HEADERS 1
| #define HAVE_SYS_TYPES_H 1
| #define HAVE_SYS_STAT_H 1
| #define HAVE_STDLIB_H 1
| #define HAVE_STRING_H 1
| #define HAVE_MEMORY_H 1
| #define HAVE_STRINGS_H 1
| #define HAVE_INTTYPES_H 1
| #define HAVE_STDINT_H 1
| #define HAVE_UNISTD_H 1
| /* end confdefs.h.  */
| #include <stdio.h>
| #ifdef HAVE_SYS_TYPES_H
| # include <sys/types.h>
| #endif
| #ifdef HAVE_SYS_STAT_H
| # include <sys/stat.h>
| #endif
| #ifdef STDC_HEADERS
| # include <stdlib.h>
| # include <stddef.h>
| #else
| # ifdef HAVE_STDLIB_H
| #  include <stdlib.h>
| # endif
| #endif
| #ifdef HAVE_STRING_H
| # if !defined STDC_HEADERS && defined HAVE_MEMORY_H
| #  include <memory.h>
| # endif
| # include <string.h>
| #endif
| #ifdef HAVE_STRINGS_H
| # include <strings.h>
| #endif
| #ifdef HAVE_INTTYPES_H
| # include <inttypes.h>
| #endif
| #ifdef HAVE_STDINT_H
| # include <stdint.h>
| #endif
| #ifdef HAVE_UNISTD_H
| # include <unistd.h>
| #endif
| #include <features.h>
configure:5633: result: no
configure:5633: checking features.h presence
configure:5633: /Users/ariel/private-bin/clang -E -isystem/Users/ariel/git/darling/Developer/Platforms/MacOSX.platform/Developer/SDKs/MacOSX.sdk/usr/include -isystem/Users/ariel/arch/build/darling/Developer/Platforms/MacOSX.platform/Developer/SDKs/MacOSX.sdk/usr/include -isystem/Users/ariel/git/darling/framework-include -DDARLING conftest.c
conftest.c:21:10: fatal error: 'features.h' file not found
#include <features.h>
         ^~~~~~~~~~~~
1 error generated.
configure:5633: $? = 1
configure: failed program was:
| /* confdefs.h */
| #define PACKAGE_NAME "tcsh"
| #define PACKAGE_TARNAME "tcsh"
| #define PACKAGE_VERSION "6.21.00"
| #define PACKAGE_STRING "tcsh 6.21.00"
| #define PACKAGE_BUGREPORT "https://bugs.astron.com/"
| #define PACKAGE_URL ""
| #define HAVE_ICONV 1
| #define ICONV_CONST 
| #define STDC_HEADERS 1
| #define HAVE_SYS_TYPES_H 1
| #define HAVE_SYS_STAT_H 1
| #define HAVE_STDLIB_H 1
| #define HAVE_STRING_H 1
| #define HAVE_MEMORY_H 1
| #define HAVE_STRINGS_H 1
| #define HAVE_INTTYPES_H 1
| #define HAVE_STDINT_H 1
| #define HAVE_UNISTD_H 1
| /* end confdefs.h.  */
| #include <features.h>
configure:5633: result: no
configure:5633: checking for features.h
configure:5633: result: no
configure:5633: checking for inttypes.h
configure:5633: result: yes
configure:5633: checking paths.h usability
configure:5633: /Users/ariel/private-bin/clang -c -arch x86_64 -arch i386 -D_PATH_TCSHELL='"/bin/tcsh"' -no-cpp-precomp -mdynamic-no-pic -DDARWIN -fstack-protector-all -isystem/Users/ariel/git/darling/Developer/Platforms/MacOSX.platform/Developer/SDKs/MacOSX.sdk/usr/include -isystem/Users/ariel/arch/build/darling/Developer/Platforms/MacOSX.platform/Developer/SDKs/MacOSX.sdk/usr/include -isystem/Users/ariel/git/darling/framework-include -DDARLING conftest.c >&5
configure:5633: $? = 0
configure:5633: result: yes
configure:5633: checking paths.h presence
configure:5633: /Users/ariel/private-bin/clang -E -isystem/Users/ariel/git/darling/Developer/Platforms/MacOSX.platform/Developer/SDKs/MacOSX.sdk/usr/include -isystem/Users/ariel/arch/build/darling/Developer/Platforms/MacOSX.platform/Developer/SDKs/MacOSX.sdk/usr/include -isystem/Users/ariel/git/darling/framework-include -DDARLING conftest.c
configure:5633: $? = 0
configure:5633: result: yes
configure:5633: checking for paths.h
configure:5633: result: yes
configure:5633: checking shadow.h usability
configure:5633: /Users/ariel/private-bin/clang -c -arch x86_64 -arch i386 -D_PATH_TCSHELL='"/bin/tcsh"' -no-cpp-precomp -mdynamic-no-pic -DDARWIN -fstack-protector-all -isystem/Users/ariel/git/darling/Developer/Platforms/MacOSX.platform/Developer/SDKs/MacOSX.sdk/usr/include -isystem/Users/ariel/arch/build/darling/Developer/Platforms/MacOSX.platform/Developer/SDKs/MacOSX.sdk/usr/include -isystem/Users/ariel/git/darling/framework-include -DDARLING conftest.c >&5
conftest.c:56:10: fatal error: 'shadow.h' file not found
#include <shadow.h>
         ^~~~~~~~~~
1 error generated.
configure:5633: $? = 1
configure: failed program was:
| /* confdefs.h */
| #define PACKAGE_NAME "tcsh"
| #define PACKAGE_TARNAME "tcsh"
| #define PACKAGE_VERSION "6.21.00"
| #define PACKAGE_STRING "tcsh 6.21.00"
| #define PACKAGE_BUGREPORT "https://bugs.astron.com/"
| #define PACKAGE_URL ""
| #define HAVE_ICONV 1
| #define ICONV_CONST 
| #define STDC_HEADERS 1
| #define HAVE_SYS_TYPES_H 1
| #define HAVE_SYS_STAT_H 1
| #define HAVE_STDLIB_H 1
| #define HAVE_STRING_H 1
| #define HAVE_MEMORY_H 1
| #define HAVE_STRINGS_H 1
| #define HAVE_INTTYPES_H 1
| #define HAVE_STDINT_H 1
| #define HAVE_UNISTD_H 1
| #define HAVE_INTTYPES_H 1
| #define HAVE_PATHS_H 1
| /* end confdefs.h.  */
| #include <stdio.h>
| #ifdef HAVE_SYS_TYPES_H
| # include <sys/types.h>
| #endif
| #ifdef HAVE_SYS_STAT_H
| # include <sys/stat.h>
| #endif
| #ifdef STDC_HEADERS
| # include <stdlib.h>
| # include <stddef.h>
| #else
| # ifdef HAVE_STDLIB_H
| #  include <stdlib.h>
| # endif
| #endif
| #ifdef HAVE_STRING_H
| # if !defined STDC_HEADERS && defined HAVE_MEMORY_H
| #  include <memory.h>
| # endif
| # include <string.h>
| #endif
| #ifdef HAVE_STRINGS_H
| # include <strings.h>
| #endif
| #ifdef HAVE_INTTYPES_H
| # include <inttypes.h>
| #endif
| #ifdef HAVE_STDINT_H
| # include <stdint.h>
| #endif
| #ifdef HAVE_UNISTD_H
| # include <unistd.h>
| #endif
| #include <shadow.h>
configure:5633: result: no
configure:5633: checking shadow.h presence
configure:5633: /Users/ariel/private-bin/clang -E -isystem/Users/ariel/git/darling/Developer/Platforms/MacOSX.platform/Developer/SDKs/MacOSX.sdk/usr/include -isystem/Users/ariel/arch/build/darling/Developer/Platforms/MacOSX.platform/Developer/SDKs/MacOSX.sdk/usr/include -isystem/Users/ariel/git/darling/framework-include -DDARLING conftest.c
conftest.c:23:10: fatal error: 'shadow.h' file not found
#include <shadow.h>
         ^~~~~~~~~~
1 error generated.
configure:5633: $? = 1
configure: failed program was:
| /* confdefs.h */
| #define PACKAGE_NAME "tcsh"
| #define PACKAGE_TARNAME "tcsh"
| #define PACKAGE_VERSION "6.21.00"
| #define PACKAGE_STRING "tcsh 6.21.00"
| #define PACKAGE_BUGREPORT "https://bugs.astron.com/"
| #define PACKAGE_URL ""
| #define HAVE_ICONV 1
| #define ICONV_CONST 
| #define STDC_HEADERS 1
| #define HAVE_SYS_TYPES_H 1
| #define HAVE_SYS_STAT_H 1
| #define HAVE_STDLIB_H 1
| #define HAVE_STRING_H 1
| #define HAVE_MEMORY_H 1
| #define HAVE_STRINGS_H 1
| #define HAVE_INTTYPES_H 1
| #define HAVE_STDINT_H 1
| #define HAVE_UNISTD_H 1
| #define HAVE_INTTYPES_H 1
| #define HAVE_PATHS_H 1
| /* end confdefs.h.  */
| #include <shadow.h>
configure:5633: result: no
configure:5633: checking for shadow.h
configure:5633: result: no
configure:5633: checking for stdint.h
configure:5633: result: yes
configure:5633: checking utmp.h usability
configure:5633: /Users/ariel/private-bin/clang -c -arch x86_64 -arch i386 -D_PATH_TCSHELL='"/bin/tcsh"' -no-cpp-precomp -mdynamic-no-pic -DDARWIN -fstack-protector-all -isystem/Users/ariel/git/darling/Developer/Platforms/MacOSX.platform/Developer/SDKs/MacOSX.sdk/usr/include -isystem/Users/ariel/arch/build/darling/Developer/Platforms/MacOSX.platform/Developer/SDKs/MacOSX.sdk/usr/include -isystem/Users/ariel/git/darling/framework-include -DDARLING conftest.c >&5
configure:5633: $? = 0
configure:5633: result: yes
configure:5633: checking utmp.h presence
configure:5633: /Users/ariel/private-bin/clang -E -isystem/Users/ariel/git/darling/Developer/Platforms/MacOSX.platform/Developer/SDKs/MacOSX.sdk/usr/include -isystem/Users/ariel/arch/build/darling/Developer/Platforms/MacOSX.platform/Developer/SDKs/MacOSX.sdk/usr/include -isystem/Users/ariel/git/darling/framework-include -DDARLING conftest.c
configure:5633: $? = 0
configure:5633: result: yes
configure:5633: checking for utmp.h
configure:5633: result: yes
configure:5633: checking utmpx.h usability
configure:5633: /Users/ariel/private-bin/clang -c -arch x86_64 -arch i386 -D_PATH_TCSHELL='"/bin/tcsh"' -no-cpp-precomp -mdynamic-no-pic -DDARWIN -fstack-protector-all -isystem/Users/ariel/git/darling/Developer/Platforms/MacOSX.platform/Developer/SDKs/MacOSX.sdk/usr/include -isystem/Users/ariel/arch/build/darling/Developer/Platforms/MacOSX.platform/Developer/SDKs/MacOSX.sdk/usr/include -isystem/Users/ariel/git/darling/framework-include -DDARLING conftest.c >&5
configure:5633: $? = 0
configure:5633: result: yes
configure:5633: checking utmpx.h presence
configure:5633: /Users/ariel/private-bin/clang -E -isystem/Users/ariel/git/darling/Developer/Platforms/MacOSX.platform/Developer/SDKs/MacOSX.sdk/usr/include -isystem/Users/ariel/arch/build/darling/Developer/Platforms/MacOSX.platform/Developer/SDKs/MacOSX.sdk/usr/include -isystem/Users/ariel/git/darling/framework-include -DDARLING conftest.c
configure:5633: $? = 0
configure:5633: result: yes
configure:5633: checking for utmpx.h
configure:5633: result: yes
configure:5645: checking wchar.h usability
configure:5645: /Users/ariel/private-bin/clang -c -arch x86_64 -arch i386 -D_PATH_TCSHELL='"/bin/tcsh"' -no-cpp-precomp -mdynamic-no-pic -DDARWIN -fstack-protector-all -isystem/Users/ariel/git/darling/Developer/Platforms/MacOSX.platform/Developer/SDKs/MacOSX.sdk/usr/include -isystem/Users/ariel/arch/build/darling/Developer/Platforms/MacOSX.platform/Developer/SDKs/MacOSX.sdk/usr/include -isystem/Users/ariel/git/darling/framework-include -DDARLING conftest.c >&5
configure:5645: $? = 0
configure:5645: result: yes
configure:5645: checking wchar.h presence
configure:5645: /Users/ariel/private-bin/clang -E -isystem/Users/ariel/git/darling/Developer/Platforms/MacOSX.platform/Developer/SDKs/MacOSX.sdk/usr/include -isystem/Users/ariel/arch/build/darling/Developer/Platforms/MacOSX.platform/Developer/SDKs/MacOSX.sdk/usr/include -isystem/Users/ariel/git/darling/framework-include -DDARLING conftest.c
configure:5645: $? = 0
configure:5645: result: yes
configure:5645: checking for wchar.h
configure:5645: result: yes
configure:5654: checking size of wchar_t
configure:5659: /Users/ariel/private-bin/clang -o conftest -arch x86_64 -arch i386 -D_PATH_TCSHELL='"/bin/tcsh"' -no-cpp-precomp -mdynamic-no-pic -DDARWIN -fstack-protector-all -isystem/Users/ariel/git/darling/Developer/Platforms/MacOSX.platform/Developer/SDKs/MacOSX.sdk/usr/include -isystem/Users/ariel/arch/build/darling/Developer/Platforms/MacOSX.platform/Developer/SDKs/MacOSX.sdk/usr/include -isystem/Users/ariel/git/darling/framework-include -DDARLING  conftest.c -ltermcap  >&5
configure:5659: $? = 0
configure:5659: ./conftest
configure:5659: $? = 0
configure:5675: result: 4
configure:5687: checking wctype.h usability
configure:5687: /Users/ariel/private-bin/clang -c -arch x86_64 -arch i386 -D_PATH_TCSHELL='"/bin/tcsh"' -no-cpp-precomp -mdynamic-no-pic -DDARWIN -fstack-protector-all -isystem/Users/ariel/git/darling/Developer/Platforms/MacOSX.platform/Developer/SDKs/MacOSX.sdk/usr/include -isystem/Users/ariel/arch/build/darling/Developer/Platforms/MacOSX.platform/Developer/SDKs/MacOSX.sdk/usr/include -isystem/Users/ariel/git/darling/framework-include -DDARLING conftest.c >&5
configure:5687: $? = 0
configure:5687: result: yes
configure:5687: checking wctype.h presence
configure:5687: /Users/ariel/private-bin/clang -E -isystem/Users/ariel/git/darling/Developer/Platforms/MacOSX.platform/Developer/SDKs/MacOSX.sdk/usr/include -isystem/Users/ariel/arch/build/darling/Developer/Platforms/MacOSX.platform/Developer/SDKs/MacOSX.sdk/usr/include -isystem/Users/ariel/git/darling/framework-include -DDARLING conftest.c
configure:5687: $? = 0
configure:5687: result: yes
configure:5687: checking for wctype.h
configure:5687: result: yes
configure:5704: checking for dirent.h that defines DIR
configure:5723: /Users/ariel/private-bin/clang -c -arch x86_64 -arch i386 -D_PATH_TCSHELL='"/bin/tcsh"' -no-cpp-precomp -mdynamic-no-pic -DDARWIN -fstack-protector-all -isystem/Users/ariel/git/darling/Developer/Platforms/MacOSX.platform/Developer/SDKs/MacOSX.sdk/usr/include -isystem/Users/ariel/arch/build/darling/Developer/Platforms/MacOSX.platform/Developer/SDKs/MacOSX.sdk/usr/include -isystem/Users/ariel/git/darling/framework-include -DDARLING conftest.c >&5
configure:5723: $? = 0
configure:5731: result: yes
configure:5744: checking for library containing opendir
configure:5775: /Users/ariel/private-bin/clang -o conftest -arch x86_64 -arch i386 -D_PATH_TCSHELL='"/bin/tcsh"' -no-cpp-precomp -mdynamic-no-pic -DDARWIN -fstack-protector-all -isystem/Users/ariel/git/darling/Developer/Platforms/MacOSX.platform/Developer/SDKs/MacOSX.sdk/usr/include -isystem/Users/ariel/arch/build/darling/Developer/Platforms/MacOSX.platform/Developer/SDKs/MacOSX.sdk/usr/include -isystem/Users/ariel/git/darling/framework-include -DDARLING  conftest.c -ltermcap  >&5
configure:5775: $? = 0
configure:5792: result: none required
configure:5859: checking whether stat file-mode macros are broken
configure:5886: /Users/ariel/private-bin/clang -c -arch x86_64 -arch i386 -D_PATH_TCSHELL='"/bin/tcsh"' -no-cpp-precomp -mdynamic-no-pic -DDARWIN -fstack-protector-all -isystem/Users/ariel/git/darling/Developer/Platforms/MacOSX.platform/Developer/SDKs/MacOSX.sdk/usr/include -isystem/Users/ariel/arch/build/darling/Developer/Platforms/MacOSX.platform/Developer/SDKs/MacOSX.sdk/usr/include -isystem/Users/ariel/git/darling/framework-include -DDARLING conftest.c >&5
configure:5886: $? = 0
configure:5893: result: no
configure:5901: checking for ANSI C header files
configure:6005: result: yes
configure:6014: checking for long long
configure:6014: /Users/ariel/private-bin/clang -c -arch x86_64 -arch i386 -D_PATH_TCSHELL='"/bin/tcsh"' -no-cpp-precomp -mdynamic-no-pic -DDARWIN -fstack-protector-all -isystem/Users/ariel/git/darling/Developer/Platforms/MacOSX.platform/Developer/SDKs/MacOSX.sdk/usr/include -isystem/Users/ariel/arch/build/darling/Developer/Platforms/MacOSX.platform/Developer/SDKs/MacOSX.sdk/usr/include -isystem/Users/ariel/git/darling/framework-include -DDARLING conftest.c >&5
configure:6014: $? = 0
configure:6014: /Users/ariel/private-bin/clang -c -arch x86_64 -arch i386 -D_PATH_TCSHELL='"/bin/tcsh"' -no-cpp-precomp -mdynamic-no-pic -DDARWIN -fstack-protector-all -isystem/Users/ariel/git/darling/Developer/Platforms/MacOSX.platform/Developer/SDKs/MacOSX.sdk/usr/include -isystem/Users/ariel/arch/build/darling/Developer/Platforms/MacOSX.platform/Developer/SDKs/MacOSX.sdk/usr/include -isystem/Users/ariel/git/darling/framework-include -DDARLING conftest.c >&5
conftest.c:67:24: error: expected expression
if (sizeof ((long long)))
                       ^
1 error generated.
configure:6014: $? = 1
configure: failed program was:
| /* confdefs.h */
| #define PACKAGE_NAME "tcsh"
| #define PACKAGE_TARNAME "tcsh"
| #define PACKAGE_VERSION "6.21.00"
| #define PACKAGE_STRING "tcsh 6.21.00"
| #define PACKAGE_BUGREPORT "https://bugs.astron.com/"
| #define PACKAGE_URL ""
| #define HAVE_ICONV 1
| #define ICONV_CONST 
| #define STDC_HEADERS 1
| #define HAVE_SYS_TYPES_H 1
| #define HAVE_SYS_STAT_H 1
| #define HAVE_STDLIB_H 1
| #define HAVE_STRING_H 1
| #define HAVE_MEMORY_H 1
| #define HAVE_STRINGS_H 1
| #define HAVE_INTTYPES_H 1
| #define HAVE_STDINT_H 1
| #define HAVE_UNISTD_H 1
| #define HAVE_INTTYPES_H 1
| #define HAVE_PATHS_H 1
| #define HAVE_STDINT_H 1
| #define HAVE_UTMP_H 1
| #define HAVE_UTMPX_H 1
| #define HAVE_WCHAR_H 1
| #define SIZEOF_WCHAR_T 4
| #define HAVE_WCTYPE_H 1
| #define HAVE_DIRENT_H 1
| #define STDC_HEADERS 1
| /* end confdefs.h.  */
| #include <stdio.h>
| #ifdef HAVE_SYS_TYPES_H
| # include <sys/types.h>
| #endif
| #ifdef HAVE_SYS_STAT_H
| # include <sys/stat.h>
| #endif
| #ifdef STDC_HEADERS
| # include <stdlib.h>
| # include <stddef.h>
| #else
| # ifdef HAVE_STDLIB_H
| #  include <stdlib.h>
| # endif
| #endif
| #ifdef HAVE_STRING_H
| # if !defined STDC_HEADERS && defined HAVE_MEMORY_H
| #  include <memory.h>
| # endif
| # include <string.h>
| #endif
| #ifdef HAVE_STRINGS_H
| # include <strings.h>
| #endif
| #ifdef HAVE_INTTYPES_H
| # include <inttypes.h>
| #endif
| #ifdef HAVE_STDINT_H
| # include <stdint.h>
| #endif
| #ifdef HAVE_UNISTD_H
| # include <unistd.h>
| #endif
| int
| main ()
| {
| if (sizeof ((long long)))
| 	    return 0;
|   ;
|   return 0;
| }
configure:6014: result: yes
configure:6024: checking for uid_t in sys/types.h
configure:6043: result: yes
configure:6054: checking type of array argument to getgroups
configure:6088: /Users/ariel/private-bin/clang -o conftest -arch x86_64 -arch i386 -D_PATH_TCSHELL='"/bin/tcsh"' -no-cpp-precomp -mdynamic-no-pic -DDARWIN -fstack-protector-all -isystem/Users/ariel/git/darling/Developer/Platforms/MacOSX.platform/Developer/SDKs/MacOSX.sdk/usr/include -isystem/Users/ariel/arch/build/darling/Developer/Platforms/MacOSX.platform/Developer/SDKs/MacOSX.sdk/usr/include -isystem/Users/ariel/git/darling/framework-include -DDARLING  conftest.c -ltermcap  >&5
configure:6088: $? = 0
configure:6088: ./conftest
configure:6088: $? = 0
configure:6113: result: gid_t
configure:6121: checking for mode_t
configure:6121: /Users/ariel/private-bin/clang -c -arch x86_64 -arch i386 -D_PATH_TCSHELL='"/bin/tcsh"' -no-cpp-precomp -mdynamic-no-pic -DDARWIN -fstack-protector-all -isystem/Users/ariel/git/darling/Developer/Platforms/MacOSX.platform/Developer/SDKs/MacOSX.sdk/usr/include -isystem/Users/ariel/arch/build/darling/Developer/Platforms/MacOSX.platform/Developer/SDKs/MacOSX.sdk/usr/include -isystem/Users/ariel/git/darling/framework-include -DDARLING conftest.c >&5
configure:6121: $? = 0
configure:6121: /Users/ariel/private-bin/clang -c -arch x86_64 -arch i386 -D_PATH_TCSHELL='"/bin/tcsh"' -no-cpp-precomp -mdynamic-no-pic -DDARWIN -fstack-protector-all -isystem/Users/ariel/git/darling/Developer/Platforms/MacOSX.platform/Developer/SDKs/MacOSX.sdk/usr/include -isystem/Users/ariel/arch/build/darling/Developer/Platforms/MacOSX.platform/Developer/SDKs/MacOSX.sdk/usr/include -isystem/Users/ariel/git/darling/framework-include -DDARLING conftest.c >&5
conftest.c:69:21: error: expected expression
if (sizeof ((mode_t)))
                    ^
1 error generated.
configure:6121: $? = 1
configure: failed program was:
| /* confdefs.h */
| #define PACKAGE_NAME "tcsh"
| #define PACKAGE_TARNAME "tcsh"
| #define PACKAGE_VERSION "6.21.00"
| #define PACKAGE_STRING "tcsh 6.21.00"
| #define PACKAGE_BUGREPORT "https://bugs.astron.com/"
| #define PACKAGE_URL ""
| #define HAVE_ICONV 1
| #define ICONV_CONST 
| #define STDC_HEADERS 1
| #define HAVE_SYS_TYPES_H 1
| #define HAVE_SYS_STAT_H 1
| #define HAVE_STDLIB_H 1
| #define HAVE_STRING_H 1
| #define HAVE_MEMORY_H 1
| #define HAVE_STRINGS_H 1
| #define HAVE_INTTYPES_H 1
| #define HAVE_STDINT_H 1
| #define HAVE_UNISTD_H 1
| #define HAVE_INTTYPES_H 1
| #define HAVE_PATHS_H 1
| #define HAVE_STDINT_H 1
| #define HAVE_UTMP_H 1
| #define HAVE_UTMPX_H 1
| #define HAVE_WCHAR_H 1
| #define SIZEOF_WCHAR_T 4
| #define HAVE_WCTYPE_H 1
| #define HAVE_DIRENT_H 1
| #define STDC_HEADERS 1
| #define HAVE_LONG_LONG 1
| #define GETGROUPS_T gid_t
| /* end confdefs.h.  */
| #include <stdio.h>
| #ifdef HAVE_SYS_TYPES_H
| # include <sys/types.h>
| #endif
| #ifdef HAVE_SYS_STAT_H
| # include <sys/stat.h>
| #endif
| #ifdef STDC_HEADERS
| # include <stdlib.h>
| # include <stddef.h>
| #else
| # ifdef HAVE_STDLIB_H
| #  include <stdlib.h>
| # endif
| #endif
| #ifdef HAVE_STRING_H
| # if !defined STDC_HEADERS && defined HAVE_MEMORY_H
| #  include <memory.h>
| # endif
| # include <string.h>
| #endif
| #ifdef HAVE_STRINGS_H
| # include <strings.h>
| #endif
| #ifdef HAVE_INTTYPES_H
| # include <inttypes.h>
| #endif
| #ifdef HAVE_STDINT_H
| # include <stdint.h>
| #endif
| #ifdef HAVE_UNISTD_H
| # include <unistd.h>
| #endif
| int
| main ()
| {
| if (sizeof ((mode_t)))
| 	    return 0;
|   ;
|   return 0;
| }
configure:6121: result: yes
configure:6132: checking for size_t
configure:6132: /Users/ariel/private-bin/clang -c -arch x86_64 -arch i386 -D_PATH_TCSHELL='"/bin/tcsh"' -no-cpp-precomp -mdynamic-no-pic -DDARWIN -fstack-protector-all -isystem/Users/ariel/git/darling/Developer/Platforms/MacOSX.platform/Developer/SDKs/MacOSX.sdk/usr/include -isystem/Users/ariel/arch/build/darling/Developer/Platforms/MacOSX.platform/Developer/SDKs/MacOSX.sdk/usr/include -isystem/Users/ariel/git/darling/framework-include -DDARLING conftest.c >&5
configure:6132: $? = 0
configure:6132: /Users/ariel/private-bin/clang -c -arch x86_64 -arch i386 -D_PATH_TCSHELL='"/bin/tcsh"' -no-cpp-precomp -mdynamic-no-pic -DDARWIN -fstack-protector-all -isystem/Users/ariel/git/darling/Developer/Platforms/MacOSX.platform/Developer/SDKs/MacOSX.sdk/usr/include -isystem/Users/ariel/arch/build/darling/Developer/Platforms/MacOSX.platform/Developer/SDKs/MacOSX.sdk/usr/include -isystem/Users/ariel/git/darling/framework-include -DDARLING conftest.c >&5
conftest.c:69:21: error: expected expression
if (sizeof ((size_t)))
                    ^
1 error generated.
configure:6132: $? = 1
configure: failed program was:
| /* confdefs.h */
| #define PACKAGE_NAME "tcsh"
| #define PACKAGE_TARNAME "tcsh"
| #define PACKAGE_VERSION "6.21.00"
| #define PACKAGE_STRING "tcsh 6.21.00"
| #define PACKAGE_BUGREPORT "https://bugs.astron.com/"
| #define PACKAGE_URL ""
| #define HAVE_ICONV 1
| #define ICONV_CONST 
| #define STDC_HEADERS 1
| #define HAVE_SYS_TYPES_H 1
| #define HAVE_SYS_STAT_H 1
| #define HAVE_STDLIB_H 1
| #define HAVE_STRING_H 1
| #define HAVE_MEMORY_H 1
| #define HAVE_STRINGS_H 1
| #define HAVE_INTTYPES_H 1
| #define HAVE_STDINT_H 1
| #define HAVE_UNISTD_H 1
| #define HAVE_INTTYPES_H 1
| #define HAVE_PATHS_H 1
| #define HAVE_STDINT_H 1
| #define HAVE_UTMP_H 1
| #define HAVE_UTMPX_H 1
| #define HAVE_WCHAR_H 1
| #define SIZEOF_WCHAR_T 4
| #define HAVE_WCTYPE_H 1
| #define HAVE_DIRENT_H 1
| #define STDC_HEADERS 1
| #define HAVE_LONG_LONG 1
| #define GETGROUPS_T gid_t
| /* end confdefs.h.  */
| #include <stdio.h>
| #ifdef HAVE_SYS_TYPES_H
| # include <sys/types.h>
| #endif
| #ifdef HAVE_SYS_STAT_H
| # include <sys/stat.h>
| #endif
| #ifdef STDC_HEADERS
| # include <stdlib.h>
| # include <stddef.h>
| #else
| # ifdef HAVE_STDLIB_H
| #  include <stdlib.h>
| # endif
| #endif
| #ifdef HAVE_STRING_H
| # if !defined STDC_HEADERS && defined HAVE_MEMORY_H
| #  include <memory.h>
| # endif
| # include <string.h>
| #endif
| #ifdef HAVE_STRINGS_H
| # include <strings.h>
| #endif
| #ifdef HAVE_INTTYPES_H
| # include <inttypes.h>
| #endif
| #ifdef HAVE_STDINT_H
| # include <stdint.h>
| #endif
| #ifdef HAVE_UNISTD_H
| # include <unistd.h>
| #endif
| int
| main ()
| {
| if (sizeof ((size_t)))
| 	    return 0;
|   ;
|   return 0;
| }
configure:6132: result: yes
configure:6143: checking for uid_t in sys/types.h
configure:6162: result: yes
configure:6173: checking for uint32_t
configure:6173: /Users/ariel/private-bin/clang -c -arch x86_64 -arch i386 -D_PATH_TCSHELL='"/bin/tcsh"' -no-cpp-precomp -mdynamic-no-pic -DDARWIN -fstack-protector-all -isystem/Users/ariel/git/darling/Developer/Platforms/MacOSX.platform/Developer/SDKs/MacOSX.sdk/usr/include -isystem/Users/ariel/arch/build/darling/Developer/Platforms/MacOSX.platform/Developer/SDKs/MacOSX.sdk/usr/include -isystem/Users/ariel/git/darling/framework-include -DDARLING conftest.c >&5
configure:6173: $? = 0
configure:6173: result: yes
configure:6190: checking for ssize_t
configure:6190: /Users/ariel/private-bin/clang -c -arch x86_64 -arch i386 -D_PATH_TCSHELL='"/bin/tcsh"' -no-cpp-precomp -mdynamic-no-pic -DDARWIN -fstack-protector-all -isystem/Users/ariel/git/darling/Developer/Platforms/MacOSX.platform/Developer/SDKs/MacOSX.sdk/usr/include -isystem/Users/ariel/arch/build/darling/Developer/Platforms/MacOSX.platform/Developer/SDKs/MacOSX.sdk/usr/include -isystem/Users/ariel/git/darling/framework-include -DDARLING conftest.c >&5
configure:6190: $? = 0
configure:6190: /Users/ariel/private-bin/clang -c -arch x86_64 -arch i386 -D_PATH_TCSHELL='"/bin/tcsh"' -no-cpp-precomp -mdynamic-no-pic -DDARWIN -fstack-protector-all -isystem/Users/ariel/git/darling/Developer/Platforms/MacOSX.platform/Developer/SDKs/MacOSX.sdk/usr/include -isystem/Users/ariel/arch/build/darling/Developer/Platforms/MacOSX.platform/Developer/SDKs/MacOSX.sdk/usr/include -isystem/Users/ariel/git/darling/framework-include -DDARLING conftest.c >&5
conftest.c:40:22: error: expected expression
if (sizeof ((ssize_t)))
                     ^
1 error generated.
configure:6190: $? = 1
configure: failed program was:
| /* confdefs.h */
| #define PACKAGE_NAME "tcsh"
| #define PACKAGE_TARNAME "tcsh"
| #define PACKAGE_VERSION "6.21.00"
| #define PACKAGE_STRING "tcsh 6.21.00"
| #define PACKAGE_BUGREPORT "https://bugs.astron.com/"
| #define PACKAGE_URL ""
| #define HAVE_ICONV 1
| #define ICONV_CONST 
| #define STDC_HEADERS 1
| #define HAVE_SYS_TYPES_H 1
| #define HAVE_SYS_STAT_H 1
| #define HAVE_STDLIB_H 1
| #define HAVE_STRING_H 1
| #define HAVE_MEMORY_H 1
| #define HAVE_STRINGS_H 1
| #define HAVE_INTTYPES_H 1
| #define HAVE_STDINT_H 1
| #define HAVE_UNISTD_H 1
| #define HAVE_INTTYPES_H 1
| #define HAVE_PATHS_H 1
| #define HAVE_STDINT_H 1
| #define HAVE_UTMP_H 1
| #define HAVE_UTMPX_H 1
| #define HAVE_WCHAR_H 1
| #define SIZEOF_WCHAR_T 4
| #define HAVE_WCTYPE_H 1
| #define HAVE_DIRENT_H 1
| #define STDC_HEADERS 1
| #define HAVE_LONG_LONG 1
| #define GETGROUPS_T gid_t
| /* end confdefs.h.  */
| 
| #include <sys/types.h>
| 
| 
| int
| main ()
| {
| if (sizeof ((ssize_t)))
| 	    return 0;
|   ;
|   return 0;
| }
configure:6190: result: yes
configure:6206: checking for socklen_t
configure:6206: /Users/ariel/private-bin/clang -c -arch x86_64 -arch i386 -D_PATH_TCSHELL='"/bin/tcsh"' -no-cpp-precomp -mdynamic-no-pic -DDARWIN -fstack-protector-all -isystem/Users/ariel/git/darling/Developer/Platforms/MacOSX.platform/Developer/SDKs/MacOSX.sdk/usr/include -isystem/Users/ariel/arch/build/darling/Developer/Platforms/MacOSX.platform/Developer/SDKs/MacOSX.sdk/usr/include -isystem/Users/ariel/git/darling/framework-include -DDARLING conftest.c >&5
configure:6206: $? = 0
configure:6206: /Users/ariel/private-bin/clang -c -arch x86_64 -arch i386 -D_PATH_TCSHELL='"/bin/tcsh"' -no-cpp-precomp -mdynamic-no-pic -DDARWIN -fstack-protector-all -isystem/Users/ariel/git/darling/Developer/Platforms/MacOSX.platform/Developer/SDKs/MacOSX.sdk/usr/include -isystem/Users/ariel/arch/build/darling/Developer/Platforms/MacOSX.platform/Developer/SDKs/MacOSX.sdk/usr/include -isystem/Users/ariel/git/darling/framework-include -DDARLING conftest.c >&5
conftest.c:41:24: error: expected expression
if (sizeof ((socklen_t)))
                       ^
1 error generated.
configure:6206: $? = 1
configure: failed program was:
| /* confdefs.h */
| #define PACKAGE_NAME "tcsh"
| #define PACKAGE_TARNAME "tcsh"
| #define PACKAGE_VERSION "6.21.00"
| #define PACKAGE_STRING "tcsh 6.21.00"
| #define PACKAGE_BUGREPORT "https://bugs.astron.com/"
| #define PACKAGE_URL ""
| #define HAVE_ICONV 1
| #define ICONV_CONST 
| #define STDC_HEADERS 1
| #define HAVE_SYS_TYPES_H 1
| #define HAVE_SYS_STAT_H 1
| #define HAVE_STDLIB_H 1
| #define HAVE_STRING_H 1
| #define HAVE_MEMORY_H 1
| #define HAVE_STRINGS_H 1
| #define HAVE_INTTYPES_H 1
| #define HAVE_STDINT_H 1
| #define HAVE_UNISTD_H 1
| #define HAVE_INTTYPES_H 1
| #define HAVE_PATHS_H 1
| #define HAVE_STDINT_H 1
| #define HAVE_UTMP_H 1
| #define HAVE_UTMPX_H 1
| #define HAVE_WCHAR_H 1
| #define SIZEOF_WCHAR_T 4
| #define HAVE_WCTYPE_H 1
| #define HAVE_DIRENT_H 1
| #define STDC_HEADERS 1
| #define HAVE_LONG_LONG 1
| #define GETGROUPS_T gid_t
| /* end confdefs.h.  */
| 
| #include <sys/types.h>
| #include <sys/socket.h>
| 
| 
| int
| main ()
| {
| if (sizeof ((socklen_t)))
| 	    return 0;
|   ;
|   return 0;
| }
configure:6206: result: yes
configure:6222: checking for struct dirent.d_ino
configure:6222: /Users/ariel/private-bin/clang -c -arch x86_64 -arch i386 -D_PATH_TCSHELL='"/bin/tcsh"' -no-cpp-precomp -mdynamic-no-pic -DDARWIN -fstack-protector-all -isystem/Users/ariel/git/darling/Developer/Platforms/MacOSX.platform/Developer/SDKs/MacOSX.sdk/usr/include -isystem/Users/ariel/arch/build/darling/Developer/Platforms/MacOSX.platform/Developer/SDKs/MacOSX.sdk/usr/include -isystem/Users/ariel/git/darling/framework-include -DDARLING conftest.c >&5
configure:6222: $? = 0
configure:6222: result: yes
configure:6242: checking for struct utmp.ut_host
configure:6242: /Users/ariel/private-bin/clang -c -arch x86_64 -arch i386 -D_PATH_TCSHELL='"/bin/tcsh"' -no-cpp-precomp -mdynamic-no-pic -DDARWIN -fstack-protector-all -isystem/Users/ariel/git/darling/Developer/Platforms/MacOSX.platform/Developer/SDKs/MacOSX.sdk/usr/include -isystem/Users/ariel/arch/build/darling/Developer/Platforms/MacOSX.platform/Developer/SDKs/MacOSX.sdk/usr/include -isystem/Users/ariel/git/darling/framework-include -DDARLING conftest.c >&5
conftest.c:46:13: warning: address of array 'ac_aggr.ut_host' will always evaluate to 'true' [-Wpointer-bool-conversion]
if (ac_aggr.ut_host)
~~  ~~~~~~~~^~~~~~~
1 warning generated.
configure:6242: $? = 0
configure:6242: result: yes
configure:6258: checking for struct utmp.ut_user
configure:6258: /Users/ariel/private-bin/clang -c -arch x86_64 -arch i386 -D_PATH_TCSHELL='"/bin/tcsh"' -no-cpp-precomp -mdynamic-no-pic -DDARWIN -fstack-protector-all -isystem/Users/ariel/git/darling/Developer/Platforms/MacOSX.platform/Developer/SDKs/MacOSX.sdk/usr/include -isystem/Users/ariel/arch/build/darling/Developer/Platforms/MacOSX.platform/Developer/SDKs/MacOSX.sdk/usr/include -isystem/Users/ariel/git/darling/framework-include -DDARLING conftest.c >&5
conftest.c:47:13: warning: address of array 'ac_aggr.ut_user' will always evaluate to 'true' [-Wpointer-bool-conversion]
if (ac_aggr.ut_user)
~~  ~~~~~~~~^~~~~~~
1 warning generated.
configure:6258: $? = 0
configure:6258: result: yes
configure:6274: checking for struct utmp.ut_tv
configure:6274: /Users/ariel/private-bin/clang -c -arch x86_64 -arch i386 -D_PATH_TCSHELL='"/bin/tcsh"' -no-cpp-precomp -mdynamic-no-pic -DDARWIN -fstack-protector-all -isystem/Users/ariel/git/darling/Developer/Platforms/MacOSX.platform/Developer/SDKs/MacOSX.sdk/usr/include -isystem/Users/ariel/arch/build/darling/Developer/Platforms/MacOSX.platform/Developer/SDKs/MacOSX.sdk/usr/include -isystem/Users/ariel/git/darling/framework-include -DDARLING conftest.c >&5
conftest.c:48:1: error: statement requires expression of scalar type ('struct timeval' invalid)
if (ac_aggr.ut_tv)
^   ~~~~~~~~~~~~~
1 error generated.
configure:6274: $? = 1
configure: failed program was:
| /* confdefs.h */
| #define PACKAGE_NAME "tcsh"
| #define PACKAGE_TARNAME "tcsh"
| #define PACKAGE_VERSION "6.21.00"
| #define PACKAGE_STRING "tcsh 6.21.00"
| #define PACKAGE_BUGREPORT "https://bugs.astron.com/"
| #define PACKAGE_URL ""
| #define HAVE_ICONV 1
| #define ICONV_CONST 
| #define STDC_HEADERS 1
| #define HAVE_SYS_TYPES_H 1
| #define HAVE_SYS_STAT_H 1
| #define HAVE_STDLIB_H 1
| #define HAVE_STRING_H 1
| #define HAVE_MEMORY_H 1
| #define HAVE_STRINGS_H 1
| #define HAVE_INTTYPES_H 1
| #define HAVE_STDINT_H 1
| #define HAVE_UNISTD_H 1
| #define HAVE_INTTYPES_H 1
| #define HAVE_PATHS_H 1
| #define HAVE_STDINT_H 1
| #define HAVE_UTMP_H 1
| #define HAVE_UTMPX_H 1
| #define HAVE_WCHAR_H 1
| #define SIZEOF_WCHAR_T 4
| #define HAVE_WCTYPE_H 1
| #define HAVE_DIRENT_H 1
| #define STDC_HEADERS 1
| #define HAVE_LONG_LONG 1
| #define GETGROUPS_T gid_t
| #define HAVE_STRUCT_DIRENT_D_INO 1
| #define HAVE_STRUCT_UTMP_UT_HOST 1
| #define HAVE_STRUCT_UTMP_UT_USER 1
| /* end confdefs.h.  */
| #include <sys/types.h>
| #ifdef HAVE_UTMPX_H
| #include <utmpx.h>
| #define utmp utmpx
| #elif defined HAVE_UTMP_H
| #include <utmp.h>
| #endif
| 
| int
| main ()
| {
| static struct utmp ac_aggr;
| if (ac_aggr.ut_tv)
| return 0;
|   ;
|   return 0;
| }
configure:6274: /Users/ariel/private-bin/clang -c -arch x86_64 -arch i386 -D_PATH_TCSHELL='"/bin/tcsh"' -no-cpp-precomp -mdynamic-no-pic -DDARWIN -fstack-protector-all -isystem/Users/ariel/git/darling/Developer/Platforms/MacOSX.platform/Developer/SDKs/MacOSX.sdk/usr/include -isystem/Users/ariel/arch/build/darling/Developer/Platforms/MacOSX.platform/Developer/SDKs/MacOSX.sdk/usr/include -isystem/Users/ariel/git/darling/framework-include -DDARLING conftest.c >&5
configure:6274: $? = 0
configure:6274: result: yes
configure:6290: checking for struct utmp.ut_xtime
configure:6290: /Users/ariel/private-bin/clang -c -arch x86_64 -arch i386 -D_PATH_TCSHELL='"/bin/tcsh"' -no-cpp-precomp -mdynamic-no-pic -DDARWIN -fstack-protector-all -isystem/Users/ariel/git/darling/Developer/Platforms/MacOSX.platform/Developer/SDKs/MacOSX.sdk/usr/include -isystem/Users/ariel/arch/build/darling/Developer/Platforms/MacOSX.platform/Developer/SDKs/MacOSX.sdk/usr/include -isystem/Users/ariel/git/darling/framework-include -DDARLING conftest.c >&5
conftest.c:49:13: error: no member named 'ut_xtime' in 'struct utmpx'
if (ac_aggr.ut_xtime)
    ~~~~~~~ ^
1 error generated.
configure:6290: $? = 1
configure: failed program was:
| /* confdefs.h */
| #define PACKAGE_NAME "tcsh"
| #define PACKAGE_TARNAME "tcsh"
| #define PACKAGE_VERSION "6.21.00"
| #define PACKAGE_STRING "tcsh 6.21.00"
| #define PACKAGE_BUGREPORT "https://bugs.astron.com/"
| #define PACKAGE_URL ""
| #define HAVE_ICONV 1
| #define ICONV_CONST 
| #define STDC_HEADERS 1
| #define HAVE_SYS_TYPES_H 1
| #define HAVE_SYS_STAT_H 1
| #define HAVE_STDLIB_H 1
| #define HAVE_STRING_H 1
| #define HAVE_MEMORY_H 1
| #define HAVE_STRINGS_H 1
| #define HAVE_INTTYPES_H 1
| #define HAVE_STDINT_H 1
| #define HAVE_UNISTD_H 1
| #define HAVE_INTTYPES_H 1
| #define HAVE_PATHS_H 1
| #define HAVE_STDINT_H 1
| #define HAVE_UTMP_H 1
| #define HAVE_UTMPX_H 1
| #define HAVE_WCHAR_H 1
| #define SIZEOF_WCHAR_T 4
| #define HAVE_WCTYPE_H 1
| #define HAVE_DIRENT_H 1
| #define STDC_HEADERS 1
| #define HAVE_LONG_LONG 1
| #define GETGROUPS_T gid_t
| #define HAVE_STRUCT_DIRENT_D_INO 1
| #define HAVE_STRUCT_UTMP_UT_HOST 1
| #define HAVE_STRUCT_UTMP_UT_USER 1
| #define HAVE_STRUCT_UTMP_UT_TV 1
| /* end confdefs.h.  */
| #include <sys/types.h>
| #ifdef HAVE_UTMPX_H
| #include <utmpx.h>
| #define utmp utmpx
| #elif defined HAVE_UTMP_H
| #include <utmp.h>
| #endif
| 
| int
| main ()
| {
| static struct utmp ac_aggr;
| if (ac_aggr.ut_xtime)
| return 0;
|   ;
|   return 0;
| }
configure:6290: /Users/ariel/private-bin/clang -c -arch x86_64 -arch i386 -D_PATH_TCSHELL='"/bin/tcsh"' -no-cpp-precomp -mdynamic-no-pic -DDARWIN -fstack-protector-all -isystem/Users/ariel/git/darling/Developer/Platforms/MacOSX.platform/Developer/SDKs/MacOSX.sdk/usr/include -isystem/Users/ariel/arch/build/darling/Developer/Platforms/MacOSX.platform/Developer/SDKs/MacOSX.sdk/usr/include -isystem/Users/ariel/git/darling/framework-include -DDARLING conftest.c >&5
conftest.c:49:20: error: no member named 'ut_xtime' in 'struct utmpx'
if (sizeof ac_aggr.ut_xtime)
           ~~~~~~~ ^
1 error generated.
configure:6290: $? = 1
configure: failed program was:
| /* confdefs.h */
| #define PACKAGE_NAME "tcsh"
| #define PACKAGE_TARNAME "tcsh"
| #define PACKAGE_VERSION "6.21.00"
| #define PACKAGE_STRING "tcsh 6.21.00"
| #define PACKAGE_BUGREPORT "https://bugs.astron.com/"
| #define PACKAGE_URL ""
| #define HAVE_ICONV 1
| #define ICONV_CONST 
| #define STDC_HEADERS 1
| #define HAVE_SYS_TYPES_H 1
| #define HAVE_SYS_STAT_H 1
| #define HAVE_STDLIB_H 1
| #define HAVE_STRING_H 1
| #define HAVE_MEMORY_H 1
| #define HAVE_STRINGS_H 1
| #define HAVE_INTTYPES_H 1
| #define HAVE_STDINT_H 1
| #define HAVE_UNISTD_H 1
| #define HAVE_INTTYPES_H 1
| #define HAVE_PATHS_H 1
| #define HAVE_STDINT_H 1
| #define HAVE_UTMP_H 1
| #define HAVE_UTMPX_H 1
| #define HAVE_WCHAR_H 1
| #define SIZEOF_WCHAR_T 4
| #define HAVE_WCTYPE_H 1
| #define HAVE_DIRENT_H 1
| #define STDC_HEADERS 1
| #define HAVE_LONG_LONG 1
| #define GETGROUPS_T gid_t
| #define HAVE_STRUCT_DIRENT_D_INO 1
| #define HAVE_STRUCT_UTMP_UT_HOST 1
| #define HAVE_STRUCT_UTMP_UT_USER 1
| #define HAVE_STRUCT_UTMP_UT_TV 1
| /* end confdefs.h.  */
| #include <sys/types.h>
| #ifdef HAVE_UTMPX_H
| #include <utmpx.h>
| #define utmp utmpx
| #elif defined HAVE_UTMP_H
| #include <utmp.h>
| #endif
| 
| int
| main ()
| {
| static struct utmp ac_aggr;
| if (sizeof ac_aggr.ut_xtime)
| return 0;
|   ;
|   return 0;
| }
configure:6290: result: no
configure:6306: checking for struct utmpx.ut_host
configure:6306: /Users/ariel/private-bin/clang -c -arch x86_64 -arch i386 -D_PATH_TCSHELL='"/bin/tcsh"' -no-cpp-precomp -mdynamic-no-pic -DDARWIN -fstack-protector-all -isystem/Users/ariel/git/darling/Developer/Platforms/MacOSX.platform/Developer/SDKs/MacOSX.sdk/usr/include -isystem/Users/ariel/arch/build/darling/Developer/Platforms/MacOSX.platform/Developer/SDKs/MacOSX.sdk/usr/include -isystem/Users/ariel/git/darling/framework-include -DDARLING conftest.c >&5
conftest.c:49:13: warning: address of array 'ac_aggr.ut_host' will always evaluate to 'true' [-Wpointer-bool-conversion]
if (ac_aggr.ut_host)
~~  ~~~~~~~~^~~~~~~
1 warning generated.
configure:6306: $? = 0
configure:6306: result: yes
configure:6322: checking for struct utmpx.ut_user
configure:6322: /Users/ariel/private-bin/clang -c -arch x86_64 -arch i386 -D_PATH_TCSHELL='"/bin/tcsh"' -no-cpp-precomp -mdynamic-no-pic -DDARWIN -fstack-protector-all -isystem/Users/ariel/git/darling/Developer/Platforms/MacOSX.platform/Developer/SDKs/MacOSX.sdk/usr/include -isystem/Users/ariel/arch/build/darling/Developer/Platforms/MacOSX.platform/Developer/SDKs/MacOSX.sdk/usr/include -isystem/Users/ariel/git/darling/framework-include -DDARLING conftest.c >&5
conftest.c:50:13: warning: address of array 'ac_aggr.ut_user' will always evaluate to 'true' [-Wpointer-bool-conversion]
if (ac_aggr.ut_user)
~~  ~~~~~~~~^~~~~~~
1 warning generated.
configure:6322: $? = 0
configure:6322: result: yes
configure:6338: checking for struct utmpx.ut_tv
configure:6338: /Users/ariel/private-bin/clang -c -arch x86_64 -arch i386 -D_PATH_TCSHELL='"/bin/tcsh"' -no-cpp-precomp -mdynamic-no-pic -DDARWIN -fstack-protector-all -isystem/Users/ariel/git/darling/Developer/Platforms/MacOSX.platform/Developer/SDKs/MacOSX.sdk/usr/include -isystem/Users/ariel/arch/build/darling/Developer/Platforms/MacOSX.platform/Developer/SDKs/MacOSX.sdk/usr/include -isystem/Users/ariel/git/darling/framework-include -DDARLING conftest.c >&5
conftest.c:51:1: error: statement requires expression of scalar type ('struct timeval' invalid)
if (ac_aggr.ut_tv)
^   ~~~~~~~~~~~~~
1 error generated.
configure:6338: $? = 1
configure: failed program was:
| /* confdefs.h */
| #define PACKAGE_NAME "tcsh"
| #define PACKAGE_TARNAME "tcsh"
| #define PACKAGE_VERSION "6.21.00"
| #define PACKAGE_STRING "tcsh 6.21.00"
| #define PACKAGE_BUGREPORT "https://bugs.astron.com/"
| #define PACKAGE_URL ""
| #define HAVE_ICONV 1
| #define ICONV_CONST 
| #define STDC_HEADERS 1
| #define HAVE_SYS_TYPES_H 1
| #define HAVE_SYS_STAT_H 1
| #define HAVE_STDLIB_H 1
| #define HAVE_STRING_H 1
| #define HAVE_MEMORY_H 1
| #define HAVE_STRINGS_H 1
| #define HAVE_INTTYPES_H 1
| #define HAVE_STDINT_H 1
| #define HAVE_UNISTD_H 1
| #define HAVE_INTTYPES_H 1
| #define HAVE_PATHS_H 1
| #define HAVE_STDINT_H 1
| #define HAVE_UTMP_H 1
| #define HAVE_UTMPX_H 1
| #define HAVE_WCHAR_H 1
| #define SIZEOF_WCHAR_T 4
| #define HAVE_WCTYPE_H 1
| #define HAVE_DIRENT_H 1
| #define STDC_HEADERS 1
| #define HAVE_LONG_LONG 1
| #define GETGROUPS_T gid_t
| #define HAVE_STRUCT_DIRENT_D_INO 1
| #define HAVE_STRUCT_UTMP_UT_HOST 1
| #define HAVE_STRUCT_UTMP_UT_USER 1
| #define HAVE_STRUCT_UTMP_UT_TV 1
| #define HAVE_STRUCT_UTMPX_UT_HOST 1
| #define HAVE_STRUCT_UTMPX_UT_USER 1
| /* end confdefs.h.  */
| #include <sys/types.h>
| #ifdef HAVE_UTMPX_H
| #include <utmpx.h>
| #define utmp utmpx
| #elif defined HAVE_UTMP_H
| #include <utmp.h>
| #endif
| 
| int
| main ()
| {
| static struct utmpx ac_aggr;
| if (ac_aggr.ut_tv)
| return 0;
|   ;
|   return 0;
| }
configure:6338: /Users/ariel/private-bin/clang -c -arch x86_64 -arch i386 -D_PATH_TCSHELL='"/bin/tcsh"' -no-cpp-precomp -mdynamic-no-pic -DDARWIN -fstack-protector-all -isystem/Users/ariel/git/darling/Developer/Platforms/MacOSX.platform/Developer/SDKs/MacOSX.sdk/usr/include -isystem/Users/ariel/arch/build/darling/Developer/Platforms/MacOSX.platform/Developer/SDKs/MacOSX.sdk/usr/include -isystem/Users/ariel/git/darling/framework-include -DDARLING conftest.c >&5
configure:6338: $? = 0
configure:6338: result: yes
configure:6354: checking for struct utmpx.ut_xtime
configure:6354: /Users/ariel/private-bin/clang -c -arch x86_64 -arch i386 -D_PATH_TCSHELL='"/bin/tcsh"' -no-cpp-precomp -mdynamic-no-pic -DDARWIN -fstack-protector-all -isystem/Users/ariel/git/darling/Developer/Platforms/MacOSX.platform/Developer/SDKs/MacOSX.sdk/usr/include -isystem/Users/ariel/arch/build/darling/Developer/Platforms/MacOSX.platform/Developer/SDKs/MacOSX.sdk/usr/include -isystem/Users/ariel/git/darling/framework-include -DDARLING conftest.c >&5
conftest.c:52:13: error: no member named 'ut_xtime' in 'struct utmpx'
if (ac_aggr.ut_xtime)
    ~~~~~~~ ^
1 error generated.
configure:6354: $? = 1
configure: failed program was:
| /* confdefs.h */
| #define PACKAGE_NAME "tcsh"
| #define PACKAGE_TARNAME "tcsh"
| #define PACKAGE_VERSION "6.21.00"
| #define PACKAGE_STRING "tcsh 6.21.00"
| #define PACKAGE_BUGREPORT "https://bugs.astron.com/"
| #define PACKAGE_URL ""
| #define HAVE_ICONV 1
| #define ICONV_CONST 
| #define STDC_HEADERS 1
| #define HAVE_SYS_TYPES_H 1
| #define HAVE_SYS_STAT_H 1
| #define HAVE_STDLIB_H 1
| #define HAVE_STRING_H 1
| #define HAVE_MEMORY_H 1
| #define HAVE_STRINGS_H 1
| #define HAVE_INTTYPES_H 1
| #define HAVE_STDINT_H 1
| #define HAVE_UNISTD_H 1
| #define HAVE_INTTYPES_H 1
| #define HAVE_PATHS_H 1
| #define HAVE_STDINT_H 1
| #define HAVE_UTMP_H 1
| #define HAVE_UTMPX_H 1
| #define HAVE_WCHAR_H 1
| #define SIZEOF_WCHAR_T 4
| #define HAVE_WCTYPE_H 1
| #define HAVE_DIRENT_H 1
| #define STDC_HEADERS 1
| #define HAVE_LONG_LONG 1
| #define GETGROUPS_T gid_t
| #define HAVE_STRUCT_DIRENT_D_INO 1
| #define HAVE_STRUCT_UTMP_UT_HOST 1
| #define HAVE_STRUCT_UTMP_UT_USER 1
| #define HAVE_STRUCT_UTMP_UT_TV 1
| #define HAVE_STRUCT_UTMPX_UT_HOST 1
| #define HAVE_STRUCT_UTMPX_UT_USER 1
| #define HAVE_STRUCT_UTMPX_UT_TV 1
| /* end confdefs.h.  */
| #include <sys/types.h>
| #ifdef HAVE_UTMPX_H
| #include <utmpx.h>
| #define utmp utmpx
| #elif defined HAVE_UTMP_H
| #include <utmp.h>
| #endif
| 
| int
| main ()
| {
| static struct utmpx ac_aggr;
| if (ac_aggr.ut_xtime)
| return 0;
|   ;
|   return 0;
| }
configure:6354: /Users/ariel/private-bin/clang -c -arch x86_64 -arch i386 -D_PATH_TCSHELL='"/bin/tcsh"' -no-cpp-precomp -mdynamic-no-pic -DDARWIN -fstack-protector-all -isystem/Users/ariel/git/darling/Developer/Platforms/MacOSX.platform/Developer/SDKs/MacOSX.sdk/usr/include -isystem/Users/ariel/arch/build/darling/Developer/Platforms/MacOSX.platform/Developer/SDKs/MacOSX.sdk/usr/include -isystem/Users/ariel/git/darling/framework-include -DDARLING conftest.c >&5
conftest.c:52:20: error: no member named 'ut_xtime' in 'struct utmpx'
if (sizeof ac_aggr.ut_xtime)
           ~~~~~~~ ^
1 error generated.
configure:6354: $? = 1
configure: failed program was:
| /* confdefs.h */
| #define PACKAGE_NAME "tcsh"
| #define PACKAGE_TARNAME "tcsh"
| #define PACKAGE_VERSION "6.21.00"
| #define PACKAGE_STRING "tcsh 6.21.00"
| #define PACKAGE_BUGREPORT "https://bugs.astron.com/"
| #define PACKAGE_URL ""
| #define HAVE_ICONV 1
| #define ICONV_CONST 
| #define STDC_HEADERS 1
| #define HAVE_SYS_TYPES_H 1
| #define HAVE_SYS_STAT_H 1
| #define HAVE_STDLIB_H 1
| #define HAVE_STRING_H 1
| #define HAVE_MEMORY_H 1
| #define HAVE_STRINGS_H 1
| #define HAVE_INTTYPES_H 1
| #define HAVE_STDINT_H 1
| #define HAVE_UNISTD_H 1
| #define HAVE_INTTYPES_H 1
| #define HAVE_PATHS_H 1
| #define HAVE_STDINT_H 1
| #define HAVE_UTMP_H 1
| #define HAVE_UTMPX_H 1
| #define HAVE_WCHAR_H 1
| #define SIZEOF_WCHAR_T 4
| #define HAVE_WCTYPE_H 1
| #define HAVE_DIRENT_H 1
| #define STDC_HEADERS 1
| #define HAVE_LONG_LONG 1
| #define GETGROUPS_T gid_t
| #define HAVE_STRUCT_DIRENT_D_INO 1
| #define HAVE_STRUCT_UTMP_UT_HOST 1
| #define HAVE_STRUCT_UTMP_UT_USER 1
| #define HAVE_STRUCT_UTMP_UT_TV 1
| #define HAVE_STRUCT_UTMPX_UT_HOST 1
| #define HAVE_STRUCT_UTMPX_UT_USER 1
| #define HAVE_STRUCT_UTMPX_UT_TV 1
| /* end confdefs.h.  */
| #include <sys/types.h>
| #ifdef HAVE_UTMPX_H
| #include <utmpx.h>
| #define utmp utmpx
| #elif defined HAVE_UTMP_H
| #include <utmp.h>
| #endif
| 
| int
| main ()
| {
| static struct utmpx ac_aggr;
| if (sizeof ac_aggr.ut_xtime)
| return 0;
|   ;
|   return 0;
| }
configure:6354: result: no
configure:6371: checking for struct sockaddr_storage.ss_family
configure:6371: /Users/ariel/private-bin/clang -c -arch x86_64 -arch i386 -D_PATH_TCSHELL='"/bin/tcsh"' -no-cpp-precomp -mdynamic-no-pic -DDARWIN -fstack-protector-all -isystem/Users/ariel/git/darling/Developer/Platforms/MacOSX.platform/Developer/SDKs/MacOSX.sdk/usr/include -isystem/Users/ariel/arch/build/darling/Developer/Platforms/MacOSX.platform/Developer/SDKs/MacOSX.sdk/usr/include -isystem/Users/ariel/git/darling/framework-include -DDARLING conftest.c >&5
configure:6371: $? = 0
configure:6371: result: yes
configure:6384: checking for an ANSI C-conforming const
configure:6450: /Users/ariel/private-bin/clang -c -arch x86_64 -arch i386 -D_PATH_TCSHELL='"/bin/tcsh"' -no-cpp-precomp -mdynamic-no-pic -DDARWIN -fstack-protector-all -isystem/Users/ariel/git/darling/Developer/Platforms/MacOSX.platform/Developer/SDKs/MacOSX.sdk/usr/include -isystem/Users/ariel/arch/build/darling/Developer/Platforms/MacOSX.platform/Developer/SDKs/MacOSX.sdk/usr/include -isystem/Users/ariel/git/darling/framework-include -DDARLING conftest.c >&5
configure:6450: $? = 0
configure:6457: result: yes
configure:6465: checking for working volatile
configure:6484: /Users/ariel/private-bin/clang -c -arch x86_64 -arch i386 -D_PATH_TCSHELL='"/bin/tcsh"' -no-cpp-precomp -mdynamic-no-pic -DDARWIN -fstack-protector-all -isystem/Users/ariel/git/darling/Developer/Platforms/MacOSX.platform/Developer/SDKs/MacOSX.sdk/usr/include -isystem/Users/ariel/arch/build/darling/Developer/Platforms/MacOSX.platform/Developer/SDKs/MacOSX.sdk/usr/include -isystem/Users/ariel/git/darling/framework-include -DDARLING conftest.c >&5
configure:6484: $? = 0
configure:6491: result: yes
configure:6500: checking whether crypt is declared
configure:6500: /Users/ariel/private-bin/clang -c -arch x86_64 -arch i386 -D_PATH_TCSHELL='"/bin/tcsh"' -no-cpp-precomp -mdynamic-no-pic -DDARWIN -fstack-protector-all -isystem/Users/ariel/git/darling/Developer/Platforms/MacOSX.platform/Developer/SDKs/MacOSX.sdk/usr/include -isystem/Users/ariel/arch/build/darling/Developer/Platforms/MacOSX.platform/Developer/SDKs/MacOSX.sdk/usr/include -isystem/Users/ariel/git/darling/framework-include -DDARLING conftest.c >&5
configure:6500: $? = 0
configure:6500: result: yes
configure:6516: checking whether environ is declared
configure:6516: /Users/ariel/private-bin/clang -c -arch x86_64 -arch i386 -D_PATH_TCSHELL='"/bin/tcsh"' -no-cpp-precomp -mdynamic-no-pic -DDARWIN -fstack-protector-all -isystem/Users/ariel/git/darling/Developer/Platforms/MacOSX.platform/Developer/SDKs/MacOSX.sdk/usr/include -isystem/Users/ariel/arch/build/darling/Developer/Platforms/MacOSX.platform/Developer/SDKs/MacOSX.sdk/usr/include -isystem/Users/ariel/git/darling/framework-include -DDARLING conftest.c >&5
conftest.c:88:10: error: use of undeclared identifier 'environ'; did you mean 'union'?
  (void) environ;
         ^~~~~~~
         union
conftest.c:88:10: error: expected expression
2 errors generated.
configure:6516: $? = 1
configure: failed program was:
| /* confdefs.h */
| #define PACKAGE_NAME "tcsh"
| #define PACKAGE_TARNAME "tcsh"
| #define PACKAGE_VERSION "6.21.00"
| #define PACKAGE_STRING "tcsh 6.21.00"
| #define PACKAGE_BUGREPORT "https://bugs.astron.com/"
| #define PACKAGE_URL ""
| #define HAVE_ICONV 1
| #define ICONV_CONST 
| #define STDC_HEADERS 1
| #define HAVE_SYS_TYPES_H 1
| #define HAVE_SYS_STAT_H 1
| #define HAVE_STDLIB_H 1
| #define HAVE_STRING_H 1
| #define HAVE_MEMORY_H 1
| #define HAVE_STRINGS_H 1
| #define HAVE_INTTYPES_H 1
| #define HAVE_STDINT_H 1
| #define HAVE_UNISTD_H 1
| #define HAVE_INTTYPES_H 1
| #define HAVE_PATHS_H 1
| #define HAVE_STDINT_H 1
| #define HAVE_UTMP_H 1
| #define HAVE_UTMPX_H 1
| #define HAVE_WCHAR_H 1
| #define SIZEOF_WCHAR_T 4
| #define HAVE_WCTYPE_H 1
| #define HAVE_DIRENT_H 1
| #define STDC_HEADERS 1
| #define HAVE_LONG_LONG 1
| #define GETGROUPS_T gid_t
| #define HAVE_STRUCT_DIRENT_D_INO 1
| #define HAVE_STRUCT_UTMP_UT_HOST 1
| #define HAVE_STRUCT_UTMP_UT_USER 1
| #define HAVE_STRUCT_UTMP_UT_TV 1
| #define HAVE_STRUCT_UTMPX_UT_HOST 1
| #define HAVE_STRUCT_UTMPX_UT_USER 1
| #define HAVE_STRUCT_UTMPX_UT_TV 1
| #define HAVE_STRUCT_SOCKADDR_STORAGE_SS_FAMILY 1
| #define HAVE_DECL_CRYPT 1
| /* end confdefs.h.  */
| #include "config_p.h"
| #include <stdio.h>
| #ifdef HAVE_SYS_TYPES_H
| # include <sys/types.h>
| #endif
| #ifdef HAVE_SYS_STAT_H
| # include <sys/stat.h>
| #endif
| #ifdef STDC_HEADERS
| # include <stdlib.h>
| # include <stddef.h>
| #else
| # ifdef HAVE_STDLIB_H
| #  include <stdlib.h>
| # endif
| #endif
| #ifdef HAVE_STRING_H
| # if !defined STDC_HEADERS && defined HAVE_MEMORY_H
| #  include <memory.h>
| # endif
| # include <string.h>
| #endif
| #ifdef HAVE_STRINGS_H
| # include <strings.h>
| #endif
| #ifdef HAVE_INTTYPES_H
| # include <inttypes.h>
| #endif
| #ifdef HAVE_STDINT_H
| # include <stdint.h>
| #endif
| #ifdef HAVE_UNISTD_H
| # include <unistd.h>
| #endif
| #ifdef HAVE_CRYPT_H
| #include <crypt.h>
| #endif
| 
| 
| int
| main ()
| {
| #ifndef environ
| #ifdef __cplusplus
|   (void) environ;
| #else
|   (void) environ;
| #endif
| #endif
| 
|   ;
|   return 0;
| }
configure:6516: result: no
configure:6532: checking whether gethostname is declared
configure:6532: /Users/ariel/private-bin/clang -c -arch x86_64 -arch i386 -D_PATH_TCSHELL='"/bin/tcsh"' -no-cpp-precomp -mdynamic-no-pic -DDARWIN -fstack-protector-all -isystem/Users/ariel/git/darling/Developer/Platforms/MacOSX.platform/Developer/SDKs/MacOSX.sdk/usr/include -isystem/Users/ariel/arch/build/darling/Developer/Platforms/MacOSX.platform/Developer/SDKs/MacOSX.sdk/usr/include -isystem/Users/ariel/git/darling/framework-include -DDARLING conftest.c >&5
configure:6532: $? = 0
configure:6532: result: yes
configure:6548: checking whether getpgrp is declared
configure:6548: /Users/ariel/private-bin/clang -c -arch x86_64 -arch i386 -D_PATH_TCSHELL='"/bin/tcsh"' -no-cpp-precomp -mdynamic-no-pic -DDARWIN -fstack-protector-all -isystem/Users/ariel/git/darling/Developer/Platforms/MacOSX.platform/Developer/SDKs/MacOSX.sdk/usr/include -isystem/Users/ariel/arch/build/darling/Developer/Platforms/MacOSX.platform/Developer/SDKs/MacOSX.sdk/usr/include -isystem/Users/ariel/git/darling/framework-include -DDARLING conftest.c >&5
configure:6548: $? = 0
configure:6548: result: yes
configure:6565: checking for setlocale
configure:6565: /Users/ariel/private-bin/clang -o conftest -arch x86_64 -arch i386 -D_PATH_TCSHELL='"/bin/tcsh"' -no-cpp-precomp -mdynamic-no-pic -DDARWIN -fstack-protector-all -isystem/Users/ariel/git/darling/Developer/Platforms/MacOSX.platform/Developer/SDKs/MacOSX.sdk/usr/include -isystem/Users/ariel/arch/build/darling/Developer/Platforms/MacOSX.platform/Developer/SDKs/MacOSX.sdk/usr/include -isystem/Users/ariel/git/darling/framework-include -DDARLING  conftest.c -ltermcap  >&5
configure:6565: $? = 0
configure:6565: result: yes
configure:6572: checking for catgets
configure:6572: /Users/ariel/private-bin/clang -o conftest -arch x86_64 -arch i386 -D_PATH_TCSHELL='"/bin/tcsh"' -no-cpp-precomp -mdynamic-no-pic -DDARWIN -fstack-protector-all -isystem/Users/ariel/git/darling/Developer/Platforms/MacOSX.platform/Developer/SDKs/MacOSX.sdk/usr/include -isystem/Users/ariel/arch/build/darling/Developer/Platforms/MacOSX.platform/Developer/SDKs/MacOSX.sdk/usr/include -isystem/Users/ariel/git/darling/framework-include -DDARLING  conftest.c -ltermcap  >&5
configure:6572: $? = 0
configure:6572: result: yes
configure:6582: checking for dup2
configure:6582: /Users/ariel/private-bin/clang -o conftest -arch x86_64 -arch i386 -D_PATH_TCSHELL='"/bin/tcsh"' -no-cpp-precomp -mdynamic-no-pic -DDARWIN -fstack-protector-all -isystem/Users/ariel/git/darling/Developer/Platforms/MacOSX.platform/Developer/SDKs/MacOSX.sdk/usr/include -isystem/Users/ariel/arch/build/darling/Developer/Platforms/MacOSX.platform/Developer/SDKs/MacOSX.sdk/usr/include -isystem/Users/ariel/git/darling/framework-include -DDARLING  conftest.c -ltermcap  >&5
configure:6582: $? = 0
configure:6582: result: yes
configure:6582: checking for getauthid
configure:6582: /Users/ariel/private-bin/clang -o conftest -arch x86_64 -arch i386 -D_PATH_TCSHELL='"/bin/tcsh"' -no-cpp-precomp -mdynamic-no-pic -DDARWIN -fstack-protector-all -isystem/Users/ariel/git/darling/Developer/Platforms/MacOSX.platform/Developer/SDKs/MacOSX.sdk/usr/include -isystem/Users/ariel/arch/build/darling/Developer/Platforms/MacOSX.platform/Developer/SDKs/MacOSX.sdk/usr/include -isystem/Users/ariel/git/darling/framework-include -DDARLING  conftest.c -ltermcap  >&5
Undefined symbols for architecture x86_64:
  "_getauthid", referenced from:
      _main in conftest-bcc090.o
ld: symbol(s) not found for architecture x86_64
clang: error: linker command failed with exit code 1 (use -v to see invocation)
configure:6582: $? = 1
configure: failed program was:
| /* confdefs.h */
| #define PACKAGE_NAME "tcsh"
| #define PACKAGE_TARNAME "tcsh"
| #define PACKAGE_VERSION "6.21.00"
| #define PACKAGE_STRING "tcsh 6.21.00"
| #define PACKAGE_BUGREPORT "https://bugs.astron.com/"
| #define PACKAGE_URL ""
| #define HAVE_ICONV 1
| #define ICONV_CONST 
| #define STDC_HEADERS 1
| #define HAVE_SYS_TYPES_H 1
| #define HAVE_SYS_STAT_H 1
| #define HAVE_STDLIB_H 1
| #define HAVE_STRING_H 1
| #define HAVE_MEMORY_H 1
| #define HAVE_STRINGS_H 1
| #define HAVE_INTTYPES_H 1
| #define HAVE_STDINT_H 1
| #define HAVE_UNISTD_H 1
| #define HAVE_INTTYPES_H 1
| #define HAVE_PATHS_H 1
| #define HAVE_STDINT_H 1
| #define HAVE_UTMP_H 1
| #define HAVE_UTMPX_H 1
| #define HAVE_WCHAR_H 1
| #define SIZEOF_WCHAR_T 4
| #define HAVE_WCTYPE_H 1
| #define HAVE_DIRENT_H 1
| #define STDC_HEADERS 1
| #define HAVE_LONG_LONG 1
| #define GETGROUPS_T gid_t
| #define HAVE_STRUCT_DIRENT_D_INO 1
| #define HAVE_STRUCT_UTMP_UT_HOST 1
| #define HAVE_STRUCT_UTMP_UT_USER 1
| #define HAVE_STRUCT_UTMP_UT_TV 1
| #define HAVE_STRUCT_UTMPX_UT_HOST 1
| #define HAVE_STRUCT_UTMPX_UT_USER 1
| #define HAVE_STRUCT_UTMPX_UT_TV 1
| #define HAVE_STRUCT_SOCKADDR_STORAGE_SS_FAMILY 1
| #define HAVE_DECL_CRYPT 1
| #define HAVE_DECL_ENVIRON 0
| #define HAVE_DECL_GETHOSTNAME 1
| #define HAVE_DECL_GETPGRP 1
| #define HAVE_DUP2 1
| /* end confdefs.h.  */
| /* Define getauthid to an innocuous variant, in case <limits.h> declares getauthid.
|    For example, HP-UX 11i <limits.h> declares gettimeofday.  */
| #define getauthid innocuous_getauthid
| 
| /* System header to define __stub macros and hopefully few prototypes,
|     which can conflict with char getauthid (); below.
|     Prefer <limits.h> to <assert.h> if __STDC__ is defined, since
|     <limits.h> exists even on freestanding compilers.  */
| 
| #ifdef __STDC__
| # include <limits.h>
| #else
| # include <assert.h>
| #endif
| 
| #undef getauthid
| 
| /* Override any GCC internal prototype to avoid an error.
|    Use char because int might match the return type of a GCC
|    builtin and then its argument prototype would still apply.  */
| #ifdef __cplusplus
| extern "C"
| #endif
| char getauthid ();
| /* The GNU C library defines this for functions which it implements
|     to always fail with ENOSYS.  Some functions are actually named
|     something starting with __ and the normal name is an alias.  */
| #if defined __stub_getauthid || defined __stub___getauthid
| choke me
| #endif
| 
| int
| main ()
| {
| return getauthid ();
|   ;
|   return 0;
| }
configure:6582: result: no
configure:6582: checking for getcwd
configure:6582: /Users/ariel/private-bin/clang -o conftest -arch x86_64 -arch i386 -D_PATH_TCSHELL='"/bin/tcsh"' -no-cpp-precomp -mdynamic-no-pic -DDARWIN -fstack-protector-all -isystem/Users/ariel/git/darling/Developer/Platforms/MacOSX.platform/Developer/SDKs/MacOSX.sdk/usr/include -isystem/Users/ariel/arch/build/darling/Developer/Platforms/MacOSX.platform/Developer/SDKs/MacOSX.sdk/usr/include -isystem/Users/ariel/git/darling/framework-include -DDARLING  conftest.c -ltermcap  >&5
configure:6582: $? = 0
configure:6582: result: yes
configure:6582: checking for gethostname
configure:6582: /Users/ariel/private-bin/clang -o conftest -arch x86_64 -arch i386 -D_PATH_TCSHELL='"/bin/tcsh"' -no-cpp-precomp -mdynamic-no-pic -DDARWIN -fstack-protector-all -isystem/Users/ariel/git/darling/Developer/Platforms/MacOSX.platform/Developer/SDKs/MacOSX.sdk/usr/include -isystem/Users/ariel/arch/build/darling/Developer/Platforms/MacOSX.platform/Developer/SDKs/MacOSX.sdk/usr/include -isystem/Users/ariel/git/darling/framework-include -DDARLING  conftest.c -ltermcap  >&5
configure:6582: $? = 0
configure:6582: result: yes
configure:6582: checking for getpwent
configure:6582: /Users/ariel/private-bin/clang -o conftest -arch x86_64 -arch i386 -D_PATH_TCSHELL='"/bin/tcsh"' -no-cpp-precomp -mdynamic-no-pic -DDARWIN -fstack-protector-all -isystem/Users/ariel/git/darling/Developer/Platforms/MacOSX.platform/Developer/SDKs/MacOSX.sdk/usr/include -isystem/Users/ariel/arch/build/darling/Developer/Platforms/MacOSX.platform/Developer/SDKs/MacOSX.sdk/usr/include -isystem/Users/ariel/git/darling/framework-include -DDARLING  conftest.c -ltermcap  >&5
configure:6582: $? = 0
configure:6582: result: yes
configure:6582: checking for getutent
configure:6582: /Users/ariel/private-bin/clang -o conftest -arch x86_64 -arch i386 -D_PATH_TCSHELL='"/bin/tcsh"' -no-cpp-precomp -mdynamic-no-pic -DDARWIN -fstack-protector-all -isystem/Users/ariel/git/darling/Developer/Platforms/MacOSX.platform/Developer/SDKs/MacOSX.sdk/usr/include -isystem/Users/ariel/arch/build/darling/Developer/Platforms/MacOSX.platform/Developer/SDKs/MacOSX.sdk/usr/include -isystem/Users/ariel/git/darling/framework-include -DDARLING  conftest.c -ltermcap  >&5
Undefined symbols for architecture x86_64:
  "_getutent", referenced from:
      _main in conftest-f2ad10.o
ld: symbol(s) not found for architecture x86_64
clang: error: linker command failed with exit code 1 (use -v to see invocation)
configure:6582: $? = 1
configure: failed program was:
| /* confdefs.h */
| #define PACKAGE_NAME "tcsh"
| #define PACKAGE_TARNAME "tcsh"
| #define PACKAGE_VERSION "6.21.00"
| #define PACKAGE_STRING "tcsh 6.21.00"
| #define PACKAGE_BUGREPORT "https://bugs.astron.com/"
| #define PACKAGE_URL ""
| #define HAVE_ICONV 1
| #define ICONV_CONST 
| #define STDC_HEADERS 1
| #define HAVE_SYS_TYPES_H 1
| #define HAVE_SYS_STAT_H 1
| #define HAVE_STDLIB_H 1
| #define HAVE_STRING_H 1
| #define HAVE_MEMORY_H 1
| #define HAVE_STRINGS_H 1
| #define HAVE_INTTYPES_H 1
| #define HAVE_STDINT_H 1
| #define HAVE_UNISTD_H 1
| #define HAVE_INTTYPES_H 1
| #define HAVE_PATHS_H 1
| #define HAVE_STDINT_H 1
| #define HAVE_UTMP_H 1
| #define HAVE_UTMPX_H 1
| #define HAVE_WCHAR_H 1
| #define SIZEOF_WCHAR_T 4
| #define HAVE_WCTYPE_H 1
| #define HAVE_DIRENT_H 1
| #define STDC_HEADERS 1
| #define HAVE_LONG_LONG 1
| #define GETGROUPS_T gid_t
| #define HAVE_STRUCT_DIRENT_D_INO 1
| #define HAVE_STRUCT_UTMP_UT_HOST 1
| #define HAVE_STRUCT_UTMP_UT_USER 1
| #define HAVE_STRUCT_UTMP_UT_TV 1
| #define HAVE_STRUCT_UTMPX_UT_HOST 1
| #define HAVE_STRUCT_UTMPX_UT_USER 1
| #define HAVE_STRUCT_UTMPX_UT_TV 1
| #define HAVE_STRUCT_SOCKADDR_STORAGE_SS_FAMILY 1
| #define HAVE_DECL_CRYPT 1
| #define HAVE_DECL_ENVIRON 0
| #define HAVE_DECL_GETHOSTNAME 1
| #define HAVE_DECL_GETPGRP 1
| #define HAVE_DUP2 1
| #define HAVE_GETCWD 1
| #define HAVE_GETHOSTNAME 1
| #define HAVE_GETPWENT 1
| /* end confdefs.h.  */
| /* Define getutent to an innocuous variant, in case <limits.h> declares getutent.
|    For example, HP-UX 11i <limits.h> declares gettimeofday.  */
| #define getutent innocuous_getutent
| 
| /* System header to define __stub macros and hopefully few prototypes,
|     which can conflict with char getutent (); below.
|     Prefer <limits.h> to <assert.h> if __STDC__ is defined, since
|     <limits.h> exists even on freestanding compilers.  */
| 
| #ifdef __STDC__
| # include <limits.h>
| #else
| # include <assert.h>
| #endif
| 
| #undef getutent
| 
| /* Override any GCC internal prototype to avoid an error.
|    Use char because int might match the return type of a GCC
|    builtin and then its argument prototype would still apply.  */
| #ifdef __cplusplus
| extern "C"
| #endif
| char getutent ();
| /* The GNU C library defines this for functions which it implements
|     to always fail with ENOSYS.  Some functions are actually named
|     something starting with __ and the normal name is an alias.  */
| #if defined __stub_getutent || defined __stub___getutent
| choke me
| #endif
| 
| int
| main ()
| {
| return getutent ();
|   ;
|   return 0;
| }
configure:6582: result: no
configure:6582: checking for getutxent
configure:6582: /Users/ariel/private-bin/clang -o conftest -arch x86_64 -arch i386 -D_PATH_TCSHELL='"/bin/tcsh"' -no-cpp-precomp -mdynamic-no-pic -DDARWIN -fstack-protector-all -isystem/Users/ariel/git/darling/Developer/Platforms/MacOSX.platform/Developer/SDKs/MacOSX.sdk/usr/include -isystem/Users/ariel/arch/build/darling/Developer/Platforms/MacOSX.platform/Developer/SDKs/MacOSX.sdk/usr/include -isystem/Users/ariel/git/darling/framework-include -DDARLING  conftest.c -ltermcap  >&5
configure:6582: $? = 0
configure:6582: result: yes
configure:6582: checking for mallinfo
configure:6582: /Users/ariel/private-bin/clang -o conftest -arch x86_64 -arch i386 -D_PATH_TCSHELL='"/bin/tcsh"' -no-cpp-precomp -mdynamic-no-pic -DDARWIN -fstack-protector-all -isystem/Users/ariel/git/darling/Developer/Platforms/MacOSX.platform/Developer/SDKs/MacOSX.sdk/usr/include -isystem/Users/ariel/arch/build/darling/Developer/Platforms/MacOSX.platform/Developer/SDKs/MacOSX.sdk/usr/include -isystem/Users/ariel/git/darling/framework-include -DDARLING  conftest.c -ltermcap  >&5
Undefined symbols for architecture x86_64:
  "_mallinfo", referenced from:
      _main in conftest-88f122.o
ld: symbol(s) not found for architecture x86_64
clang: error: linker command failed with exit code 1 (use -v to see invocation)
configure:6582: $? = 1
configure: failed program was:
| /* confdefs.h */
| #define PACKAGE_NAME "tcsh"
| #define PACKAGE_TARNAME "tcsh"
| #define PACKAGE_VERSION "6.21.00"
| #define PACKAGE_STRING "tcsh 6.21.00"
| #define PACKAGE_BUGREPORT "https://bugs.astron.com/"
| #define PACKAGE_URL ""
| #define HAVE_ICONV 1
| #define ICONV_CONST 
| #define STDC_HEADERS 1
| #define HAVE_SYS_TYPES_H 1
| #define HAVE_SYS_STAT_H 1
| #define HAVE_STDLIB_H 1
| #define HAVE_STRING_H 1
| #define HAVE_MEMORY_H 1
| #define HAVE_STRINGS_H 1
| #define HAVE_INTTYPES_H 1
| #define HAVE_STDINT_H 1
| #define HAVE_UNISTD_H 1
| #define HAVE_INTTYPES_H 1
| #define HAVE_PATHS_H 1
| #define HAVE_STDINT_H 1
| #define HAVE_UTMP_H 1
| #define HAVE_UTMPX_H 1
| #define HAVE_WCHAR_H 1
| #define SIZEOF_WCHAR_T 4
| #define HAVE_WCTYPE_H 1
| #define HAVE_DIRENT_H 1
| #define STDC_HEADERS 1
| #define HAVE_LONG_LONG 1
| #define GETGROUPS_T gid_t
| #define HAVE_STRUCT_DIRENT_D_INO 1
| #define HAVE_STRUCT_UTMP_UT_HOST 1
| #define HAVE_STRUCT_UTMP_UT_USER 1
| #define HAVE_STRUCT_UTMP_UT_TV 1
| #define HAVE_STRUCT_UTMPX_UT_HOST 1
| #define HAVE_STRUCT_UTMPX_UT_USER 1
| #define HAVE_STRUCT_UTMPX_UT_TV 1
| #define HAVE_STRUCT_SOCKADDR_STORAGE_SS_FAMILY 1
| #define HAVE_DECL_CRYPT 1
| #define HAVE_DECL_ENVIRON 0
| #define HAVE_DECL_GETHOSTNAME 1
| #define HAVE_DECL_GETPGRP 1
| #define HAVE_DUP2 1
| #define HAVE_GETCWD 1
| #define HAVE_GETHOSTNAME 1
| #define HAVE_GETPWENT 1
| #define HAVE_GETUTXENT 1
| /* end confdefs.h.  */
| /* Define mallinfo to an innocuous variant, in case <limits.h> declares mallinfo.
|    For example, HP-UX 11i <limits.h> declares gettimeofday.  */
| #define mallinfo innocuous_mallinfo
| 
| /* System header to define __stub macros and hopefully few prototypes,
|     which can conflict with char mallinfo (); below.
|     Prefer <limits.h> to <assert.h> if __STDC__ is defined, since
|     <limits.h> exists even on freestanding compilers.  */
| 
| #ifdef __STDC__
| # include <limits.h>
| #else
| # include <assert.h>
| #endif
| 
| #undef mallinfo
| 
| /* Override any GCC internal prototype to avoid an error.
|    Use char because int might match the return type of a GCC
|    builtin and then its argument prototype would still apply.  */
| #ifdef __cplusplus
| extern "C"
| #endif
| char mallinfo ();
| /* The GNU C library defines this for functions which it implements
|     to always fail with ENOSYS.  Some functions are actually named
|     something starting with __ and the normal name is an alias.  */
| #if defined __stub_mallinfo || defined __stub___mallinfo
| choke me
| #endif
| 
| int
| main ()
| {
| return mallinfo ();
|   ;
|   return 0;
| }
configure:6582: result: no
configure:6582: checking for mblen
configure:6582: /Users/ariel/private-bin/clang -o conftest -arch x86_64 -arch i386 -D_PATH_TCSHELL='"/bin/tcsh"' -no-cpp-precomp -mdynamic-no-pic -DDARWIN -fstack-protector-all -isystem/Users/ariel/git/darling/Developer/Platforms/MacOSX.platform/Developer/SDKs/MacOSX.sdk/usr/include -isystem/Users/ariel/arch/build/darling/Developer/Platforms/MacOSX.platform/Developer/SDKs/MacOSX.sdk/usr/include -isystem/Users/ariel/git/darling/framework-include -DDARLING  conftest.c -ltermcap  >&5
configure:6582: $? = 0
configure:6582: result: yes
configure:6582: checking for memmove
configure:6582: /Users/ariel/private-bin/clang -o conftest -arch x86_64 -arch i386 -D_PATH_TCSHELL='"/bin/tcsh"' -no-cpp-precomp -mdynamic-no-pic -DDARWIN -fstack-protector-all -isystem/Users/ariel/git/darling/Developer/Platforms/MacOSX.platform/Developer/SDKs/MacOSX.sdk/usr/include -isystem/Users/ariel/arch/build/darling/Developer/Platforms/MacOSX.platform/Developer/SDKs/MacOSX.sdk/usr/include -isystem/Users/ariel/git/darling/framework-include -DDARLING  conftest.c -ltermcap  >&5
conftest.c:74:6: warning: incompatible redeclaration of library function 'memmove' [-Wincompatible-library-redeclaration]
char memmove ();
     ^
conftest.c:74:6: note: 'memmove' is a builtin with type 'void *(void *, const void *, unsigned long)'
1 warning generated.
configure:6582: $? = 0
configure:6582: result: yes
configure:6582: checking for memset
configure:6582: /Users/ariel/private-bin/clang -o conftest -arch x86_64 -arch i386 -D_PATH_TCSHELL='"/bin/tcsh"' -no-cpp-precomp -mdynamic-no-pic -DDARWIN -fstack-protector-all -isystem/Users/ariel/git/darling/Developer/Platforms/MacOSX.platform/Developer/SDKs/MacOSX.sdk/usr/include -isystem/Users/ariel/arch/build/darling/Developer/Platforms/MacOSX.platform/Developer/SDKs/MacOSX.sdk/usr/include -isystem/Users/ariel/git/darling/framework-include -DDARLING  conftest.c -ltermcap  >&5
conftest.c:75:6: warning: incompatible redeclaration of library function 'memset' [-Wincompatible-library-redeclaration]
char memset ();
     ^
conftest.c:75:6: note: 'memset' is a builtin with type 'void *(void *, int, unsigned long)'
1 warning generated.
configure:6582: $? = 0
configure:6582: result: yes
configure:6582: checking for mkstemp
configure:6582: /Users/ariel/private-bin/clang -o conftest -arch x86_64 -arch i386 -D_PATH_TCSHELL='"/bin/tcsh"' -no-cpp-precomp -mdynamic-no-pic -DDARWIN -fstack-protector-all -isystem/Users/ariel/git/darling/Developer/Platforms/MacOSX.platform/Developer/SDKs/MacOSX.sdk/usr/include -isystem/Users/ariel/arch/build/darling/Developer/Platforms/MacOSX.platform/Developer/SDKs/MacOSX.sdk/usr/include -isystem/Users/ariel/git/darling/framework-include -DDARLING  conftest.c -ltermcap  >&5
configure:6582: $? = 0
configure:6582: result: yes
configure:6582: checking for nice
configure:6582: /Users/ariel/private-bin/clang -o conftest -arch x86_64 -arch i386 -D_PATH_TCSHELL='"/bin/tcsh"' -no-cpp-precomp -mdynamic-no-pic -DDARWIN -fstack-protector-all -isystem/Users/ariel/git/darling/Developer/Platforms/MacOSX.platform/Developer/SDKs/MacOSX.sdk/usr/include -isystem/Users/ariel/arch/build/darling/Developer/Platforms/MacOSX.platform/Developer/SDKs/MacOSX.sdk/usr/include -isystem/Users/ariel/git/darling/framework-include -DDARLING  conftest.c -ltermcap  >&5
configure:6582: $? = 0
configure:6582: result: yes
configure:6582: checking for nl_langinfo
configure:6582: /Users/ariel/private-bin/clang -o conftest -arch x86_64 -arch i386 -D_PATH_TCSHELL='"/bin/tcsh"' -no-cpp-precomp -mdynamic-no-pic -DDARWIN -fstack-protector-all -isystem/Users/ariel/git/darling/Developer/Platforms/MacOSX.platform/Developer/SDKs/MacOSX.sdk/usr/include -isystem/Users/ariel/arch/build/darling/Developer/Platforms/MacOSX.platform/Developer/SDKs/MacOSX.sdk/usr/include -isystem/Users/ariel/git/darling/framework-include -DDARLING  conftest.c -ltermcap  >&5
configure:6582: $? = 0
configure:6582: result: yes
configure:6582: checking for sbrk
configure:6582: result: no
configure:6582: checking for setpgid
configure:6582: /Users/ariel/private-bin/clang -o conftest -arch x86_64 -arch i386 -D_PATH_TCSHELL='"/bin/tcsh"' -no-cpp-precomp -mdynamic-no-pic -DDARWIN -fstack-protector-all -isystem/Users/ariel/git/darling/Developer/Platforms/MacOSX.platform/Developer/SDKs/MacOSX.sdk/usr/include -isystem/Users/ariel/arch/build/darling/Developer/Platforms/MacOSX.platform/Developer/SDKs/MacOSX.sdk/usr/include -isystem/Users/ariel/git/darling/framework-include -DDARLING  conftest.c -ltermcap  >&5
configure:6582: $? = 0
configure:6582: result: yes
configure:6582: checking for setpriority
configure:6582: /Users/ariel/private-bin/clang -o conftest -arch x86_64 -arch i386 -D_PATH_TCSHELL='"/bin/tcsh"' -no-cpp-precomp -mdynamic-no-pic -DDARWIN -fstack-protector-all -isystem/Users/ariel/git/darling/Developer/Platforms/MacOSX.platform/Developer/SDKs/MacOSX.sdk/usr/include -isystem/Users/ariel/arch/build/darling/Developer/Platforms/MacOSX.platform/Developer/SDKs/MacOSX.sdk/usr/include -isystem/Users/ariel/git/darling/framework-include -DDARLING  conftest.c -ltermcap  >&5
configure:6582: $? = 0
configure:6582: result: yes
configure:6582: checking for strerror
configure:6582: /Users/ariel/private-bin/clang -o conftest -arch x86_64 -arch i386 -D_PATH_TCSHELL='"/bin/tcsh"' -no-cpp-precomp -mdynamic-no-pic -DDARWIN -fstack-protector-all -isystem/Users/ariel/git/darling/Developer/Platforms/MacOSX.platform/Developer/SDKs/MacOSX.sdk/usr/include -isystem/Users/ariel/arch/build/darling/Developer/Platforms/MacOSX.platform/Developer/SDKs/MacOSX.sdk/usr/include -isystem/Users/ariel/git/darling/framework-include -DDARLING  conftest.c -ltermcap  >&5
conftest.c:81:6: warning: incompatible redeclaration of library function 'strerror' [-Wincompatible-library-redeclaration]
char strerror ();
     ^
conftest.c:81:6: note: 'strerror' is a builtin with type 'char *(int)'
1 warning generated.
configure:6582: $? = 0
configure:6582: result: yes
configure:6582: checking for strstr
configure:6582: /Users/ariel/private-bin/clang -o conftest -arch x86_64 -arch i386 -D_PATH_TCSHELL='"/bin/tcsh"' -no-cpp-precomp -mdynamic-no-pic -DDARWIN -fstack-protector-all -isystem/Users/ariel/git/darling/Developer/Platforms/MacOSX.platform/Developer/SDKs/MacOSX.sdk/usr/include -isystem/Users/ariel/arch/build/darling/Developer/Platforms/MacOSX.platform/Developer/SDKs/MacOSX.sdk/usr/include -isystem/Users/ariel/git/darling/framework-include -DDARLING  conftest.c -ltermcap  >&5
conftest.c:82:6: warning: incompatible redeclaration of library function 'strstr' [-Wincompatible-library-redeclaration]
char strstr ();
     ^
conftest.c:82:6: note: 'strstr' is a builtin with type 'char *(const char *, const char *)'
1 warning generated.
configure:6582: $? = 0
configure:6582: result: yes
configure:6582: checking for sysconf
configure:6582: /Users/ariel/private-bin/clang -o conftest -arch x86_64 -arch i386 -D_PATH_TCSHELL='"/bin/tcsh"' -no-cpp-precomp -mdynamic-no-pic -DDARWIN -fstack-protector-all -isystem/Users/ariel/git/darling/Developer/Platforms/MacOSX.platform/Developer/SDKs/MacOSX.sdk/usr/include -isystem/Users/ariel/arch/build/darling/Developer/Platforms/MacOSX.platform/Developer/SDKs/MacOSX.sdk/usr/include -isystem/Users/ariel/git/darling/framework-include -DDARLING  conftest.c -ltermcap  >&5
configure:6582: $? = 0
configure:6582: result: yes
configure:6582: checking for wcwidth
configure:6582: /Users/ariel/private-bin/clang -o conftest -arch x86_64 -arch i386 -D_PATH_TCSHELL='"/bin/tcsh"' -no-cpp-precomp -mdynamic-no-pic -DDARWIN -fstack-protector-all -isystem/Users/ariel/git/darling/Developer/Platforms/MacOSX.platform/Developer/SDKs/MacOSX.sdk/usr/include -isystem/Users/ariel/arch/build/darling/Developer/Platforms/MacOSX.platform/Developer/SDKs/MacOSX.sdk/usr/include -isystem/Users/ariel/git/darling/framework-include -DDARLING  conftest.c -ltermcap  >&5
configure:6582: $? = 0
configure:6582: result: yes
configure:6591: checking whether getpgrp requires zero arguments
configure:6608: /Users/ariel/private-bin/clang -c -arch x86_64 -arch i386 -D_PATH_TCSHELL='"/bin/tcsh"' -no-cpp-precomp -mdynamic-no-pic -DDARWIN -fstack-protector-all -isystem/Users/ariel/git/darling/Developer/Platforms/MacOSX.platform/Developer/SDKs/MacOSX.sdk/usr/include -isystem/Users/ariel/arch/build/darling/Developer/Platforms/MacOSX.platform/Developer/SDKs/MacOSX.sdk/usr/include -isystem/Users/ariel/git/darling/framework-include -DDARLING conftest.c >&5
conftest.c:98:10: error: too many arguments to function call, expected 0, have 1
getpgrp (0);
~~~~~~~  ^
/Users/ariel/git/darling/Developer/Platforms/MacOSX.platform/Developer/SDKs/MacOSX.sdk/usr/include/unistd.h:463:1: note: 'getpgrp' declared here
pid_t    getpgrp(void);
^
1 error generated.
configure:6608: $? = 1
configure: failed program was:
| /* confdefs.h */
| #define PACKAGE_NAME "tcsh"
| #define PACKAGE_TARNAME "tcsh"
| #define PACKAGE_VERSION "6.21.00"
| #define PACKAGE_STRING "tcsh 6.21.00"
| #define PACKAGE_BUGREPORT "https://bugs.astron.com/"
| #define PACKAGE_URL ""
| #define HAVE_ICONV 1
| #define ICONV_CONST 
| #define STDC_HEADERS 1
| #define HAVE_SYS_TYPES_H 1
| #define HAVE_SYS_STAT_H 1
| #define HAVE_STDLIB_H 1
| #define HAVE_STRING_H 1
| #define HAVE_MEMORY_H 1
| #define HAVE_STRINGS_H 1
| #define HAVE_INTTYPES_H 1
| #define HAVE_STDINT_H 1
| #define HAVE_UNISTD_H 1
| #define HAVE_INTTYPES_H 1
| #define HAVE_PATHS_H 1
| #define HAVE_STDINT_H 1
| #define HAVE_UTMP_H 1
| #define HAVE_UTMPX_H 1
| #define HAVE_WCHAR_H 1
| #define SIZEOF_WCHAR_T 4
| #define HAVE_WCTYPE_H 1
| #define HAVE_DIRENT_H 1
| #define STDC_HEADERS 1
| #define HAVE_LONG_LONG 1
| #define GETGROUPS_T gid_t
| #define HAVE_STRUCT_DIRENT_D_INO 1
| #define HAVE_STRUCT_UTMP_UT_HOST 1
| #define HAVE_STRUCT_UTMP_UT_USER 1
| #define HAVE_STRUCT_UTMP_UT_TV 1
| #define HAVE_STRUCT_UTMPX_UT_HOST 1
| #define HAVE_STRUCT_UTMPX_UT_USER 1
| #define HAVE_STRUCT_UTMPX_UT_TV 1
| #define HAVE_STRUCT_SOCKADDR_STORAGE_SS_FAMILY 1
| #define HAVE_DECL_CRYPT 1
| #define HAVE_DECL_ENVIRON 0
| #define HAVE_DECL_GETHOSTNAME 1
| #define HAVE_DECL_GETPGRP 1
| #define HAVE_DUP2 1
| #define HAVE_GETCWD 1
| #define HAVE_GETHOSTNAME 1
| #define HAVE_GETPWENT 1
| #define HAVE_GETUTXENT 1
| #define HAVE_MBLEN 1
| #define HAVE_MEMMOVE 1
| #define HAVE_MEMSET 1
| #define HAVE_MKSTEMP 1
| #define HAVE_NICE 1
| #define HAVE_NL_LANGINFO 1
| #define HAVE_SETPGID 1
| #define HAVE_SETPRIORITY 1
| #define HAVE_STRERROR 1
| #define HAVE_STRSTR 1
| #define HAVE_SYSCONF 1
| #define HAVE_WCWIDTH 1
| /* end confdefs.h.  */
| #include <stdio.h>
| #ifdef HAVE_SYS_TYPES_H
| # include <sys/types.h>
| #endif
| #ifdef HAVE_SYS_STAT_H
| # include <sys/stat.h>
| #endif
| #ifdef STDC_HEADERS
| # include <stdlib.h>
| # include <stddef.h>
| #else
| # ifdef HAVE_STDLIB_H
| #  include <stdlib.h>
| # endif
| #endif
| #ifdef HAVE_STRING_H
| # if !defined STDC_HEADERS && defined HAVE_MEMORY_H
| #  include <memory.h>
| # endif
| # include <string.h>
| #endif
| #ifdef HAVE_STRINGS_H
| # include <strings.h>
| #endif
| #ifdef HAVE_INTTYPES_H
| # include <inttypes.h>
| #endif
| #ifdef HAVE_STDINT_H
| # include <stdint.h>
| #endif
| #ifdef HAVE_UNISTD_H
| # include <unistd.h>
| #endif
| int
| main ()
| {
| getpgrp (0);
|   ;
|   return 0;
| }
configure:6616: result: yes
configure:6625: checking whether mbrtowc and mbstate_t are properly declared
configure:6645: /Users/ariel/private-bin/clang -o conftest -arch x86_64 -arch i386 -D_PATH_TCSHELL='"/bin/tcsh"' -no-cpp-precomp -mdynamic-no-pic -DDARWIN -fstack-protector-all -isystem/Users/ariel/git/darling/Developer/Platforms/MacOSX.platform/Developer/SDKs/MacOSX.sdk/usr/include -isystem/Users/ariel/arch/build/darling/Developer/Platforms/MacOSX.platform/Developer/SDKs/MacOSX.sdk/usr/include -isystem/Users/ariel/git/darling/framework-include -DDARLING  conftest.c -ltermcap  >&5
configure:6645: $? = 0
configure:6653: result: yes
configure:6662: checking whether setpgrp takes no argument
configure:6684: /Users/ariel/private-bin/clang -o conftest -arch x86_64 -arch i386 -D_PATH_TCSHELL='"/bin/tcsh"' -no-cpp-precomp -mdynamic-no-pic -DDARWIN -fstack-protector-all -isystem/Users/ariel/git/darling/Developer/Platforms/MacOSX.platform/Developer/SDKs/MacOSX.sdk/usr/include -isystem/Users/ariel/arch/build/darling/Developer/Platforms/MacOSX.platform/Developer/SDKs/MacOSX.sdk/usr/include -isystem/Users/ariel/git/darling/framework-include -DDARLING  conftest.c -ltermcap  >&5
conftest.c:103:19: error: too many arguments to function call, expected 0, have 2
  return setpgrp (1,1) != -1;
         ~~~~~~~  ^~~
/Users/ariel/git/darling/Developer/Platforms/MacOSX.platform/Developer/SDKs/MacOSX.sdk/usr/include/unistd.h:592:1: note: 'setpgrp' declared here
pid_t    setpgrp(void) __DARWIN_ALIAS(setpgrp);
^
1 error generated.
configure:6684: $? = 1
configure: program exited with status 1
configure: failed program was:
| /* confdefs.h */
| #define PACKAGE_NAME "tcsh"
| #define PACKAGE_TARNAME "tcsh"
| #define PACKAGE_VERSION "6.21.00"
| #define PACKAGE_STRING "tcsh 6.21.00"
| #define PACKAGE_BUGREPORT "https://bugs.astron.com/"
| #define PACKAGE_URL ""
| #define HAVE_ICONV 1
| #define ICONV_CONST 
| #define STDC_HEADERS 1
| #define HAVE_SYS_TYPES_H 1
| #define HAVE_SYS_STAT_H 1
| #define HAVE_STDLIB_H 1
| #define HAVE_STRING_H 1
| #define HAVE_MEMORY_H 1
| #define HAVE_STRINGS_H 1
| #define HAVE_INTTYPES_H 1
| #define HAVE_STDINT_H 1
| #define HAVE_UNISTD_H 1
| #define HAVE_INTTYPES_H 1
| #define HAVE_PATHS_H 1
| #define HAVE_STDINT_H 1
| #define HAVE_UTMP_H 1
| #define HAVE_UTMPX_H 1
| #define HAVE_WCHAR_H 1
| #define SIZEOF_WCHAR_T 4
| #define HAVE_WCTYPE_H 1
| #define HAVE_DIRENT_H 1
| #define STDC_HEADERS 1
| #define HAVE_LONG_LONG 1
| #define GETGROUPS_T gid_t
| #define HAVE_STRUCT_DIRENT_D_INO 1
| #define HAVE_STRUCT_UTMP_UT_HOST 1
| #define HAVE_STRUCT_UTMP_UT_USER 1
| #define HAVE_STRUCT_UTMP_UT_TV 1
| #define HAVE_STRUCT_UTMPX_UT_HOST 1
| #define HAVE_STRUCT_UTMPX_UT_USER 1
| #define HAVE_STRUCT_UTMPX_UT_TV 1
| #define HAVE_STRUCT_SOCKADDR_STORAGE_SS_FAMILY 1
| #define HAVE_DECL_CRYPT 1
| #define HAVE_DECL_ENVIRON 0
| #define HAVE_DECL_GETHOSTNAME 1
| #define HAVE_DECL_GETPGRP 1
| #define HAVE_DUP2 1
| #define HAVE_GETCWD 1
| #define HAVE_GETHOSTNAME 1
| #define HAVE_GETPWENT 1
| #define HAVE_GETUTXENT 1
| #define HAVE_MBLEN 1
| #define HAVE_MEMMOVE 1
| #define HAVE_MEMSET 1
| #define HAVE_MKSTEMP 1
| #define HAVE_NICE 1
| #define HAVE_NL_LANGINFO 1
| #define HAVE_SETPGID 1
| #define HAVE_SETPRIORITY 1
| #define HAVE_STRERROR 1
| #define HAVE_STRSTR 1
| #define HAVE_SYSCONF 1
| #define HAVE_WCWIDTH 1
| #define GETPGRP_VOID 1
| #define HAVE_MBRTOWC 1
| /* end confdefs.h.  */
| #include <stdio.h>
| #ifdef HAVE_SYS_TYPES_H
| # include <sys/types.h>
| #endif
| #ifdef HAVE_SYS_STAT_H
| # include <sys/stat.h>
| #endif
| #ifdef STDC_HEADERS
| # include <stdlib.h>
| # include <stddef.h>
| #else
| # ifdef HAVE_STDLIB_H
| #  include <stdlib.h>
| # endif
| #endif
| #ifdef HAVE_STRING_H
| # if !defined STDC_HEADERS && defined HAVE_MEMORY_H
| #  include <memory.h>
| # endif
| # include <string.h>
| #endif
| #ifdef HAVE_STRINGS_H
| # include <strings.h>
| #endif
| #ifdef HAVE_INTTYPES_H
| # include <inttypes.h>
| #endif
| #ifdef HAVE_STDINT_H
| # include <stdint.h>
| #endif
| #ifdef HAVE_UNISTD_H
| # include <unistd.h>
| #endif
| int
| main ()
| {
| /* If this system has a BSD-style setpgrp which takes arguments,
|   setpgrp(1, 1) will fail with ESRCH and return -1, in that case
|   exit successfully. */
|   return setpgrp (1,1) != -1;
|   ;
|   return 0;
| }
configure:6694: result: yes
configure:6705: checking for working strcoll
configure:6726: /Users/ariel/private-bin/clang -o conftest -arch x86_64 -arch i386 -D_PATH_TCSHELL='"/bin/tcsh"' -no-cpp-precomp -mdynamic-no-pic -DDARWIN -fstack-protector-all -isystem/Users/ariel/git/darling/Developer/Platforms/MacOSX.platform/Developer/SDKs/MacOSX.sdk/usr/include -isystem/Users/ariel/arch/build/darling/Developer/Platforms/MacOSX.platform/Developer/SDKs/MacOSX.sdk/usr/include -isystem/Users/ariel/git/darling/framework-include -DDARLING  conftest.c -ltermcap  >&5
configure:6726: $? = 0
configure:6726: ./conftest
configure:6726: $? = 0
configure:6736: result: yes
configure:6961: creating ./config.status

## ---------------------- ##
## Running config.status. ##
## ---------------------- ##

This file was extended by tcsh config.status 6.21.00, which was
generated by GNU Autoconf 2.69.  Invocation command line was

  CONFIG_FILES    = 
  CONFIG_HEADERS  = 
  CONFIG_LINKS    = 
  CONFIG_COMMANDS = 
  $ ./config.status 

on Ariels-iMac.local

config.status:879: creating Makefile
config.status:879: creating nls/Makefile
config.status:879: creating config.h
config.status:1053: executing ./atconfig commands

## ---------------- ##
## Cache variables. ##
## ---------------- ##

ac_cv_build=x86_64-apple-darwin19.6.0
ac_cv_c_compiler_gnu=yes
ac_cv_c_const=yes
ac_cv_c_uint32_t=yes
ac_cv_c_volatile=yes
ac_cv_env_CC_set=set
ac_cv_env_CC_value=/Users/ariel/private-bin/clang
ac_cv_env_CFLAGS_set=set
ac_cv_env_CFLAGS_value='-arch x86_64 -arch i386 -D_PATH_TCSHELL='\''"/bin/tcsh"'\'' -no-cpp-precomp -mdynamic-no-pic -DDARWIN -fstack-protector-all'
ac_cv_env_CPPFLAGS_set=set
ac_cv_env_CPPFLAGS_value='-isystem/Users/ariel/git/darling/Developer/Platforms/MacOSX.platform/Developer/SDKs/MacOSX.sdk/usr/include -isystem/Users/ariel/arch/build/darling/Developer/Platforms/MacOSX.platform/Developer/SDKs/MacOSX.sdk/usr/include -isystem/Users/ariel/git/darling/framework-include -DDARLING'
ac_cv_env_CPP_set=
ac_cv_env_CPP_value=
ac_cv_env_LDFLAGS_set=
ac_cv_env_LDFLAGS_value=
ac_cv_env_LIBS_set=
ac_cv_env_LIBS_value=
ac_cv_env_build_alias_set=
ac_cv_env_build_alias_value=
ac_cv_env_host_alias_set=
ac_cv_env_host_alias_value=
ac_cv_env_target_alias_set=
ac_cv_env_target_alias_value=
ac_cv_func_catgets=yes
ac_cv_func_dup2=yes
ac_cv_func_getauthid=no
ac_cv_func_getcwd=yes
ac_cv_func_gethostname=yes
ac_cv_func_getpgrp_void=yes
ac_cv_func_getpwent=yes
ac_cv_func_getutent=no
ac_cv_func_getutxent=yes
ac_cv_func_mallinfo=no
ac_cv_func_mblen=yes
ac_cv_func_mbrtowc=yes
ac_cv_func_memmove=yes
ac_cv_func_memset=yes
ac_cv_func_mkstemp=yes
ac_cv_func_nice=yes
ac_cv_func_nl_langinfo=yes
ac_cv_func_sbrk=no
ac_cv_func_setlocale=yes
ac_cv_func_setpgid=yes
ac_cv_func_setpgrp_void=yes
ac_cv_func_setpriority=yes
ac_cv_func_strcoll_works=yes
ac_cv_func_strerror=yes
ac_cv_func_strstr=yes
ac_cv_func_sysconf=yes
ac_cv_func_wcwidth=yes
ac_cv_have_decl_crypt=yes
ac_cv_have_decl_environ=no
ac_cv_have_decl_gethostname=yes
ac_cv_have_decl_getpgrp=yes
ac_cv_header_auth_h=no
ac_cv_header_crypt_h=no
ac_cv_header_dirent_dirent_h=yes
ac_cv_header_features_h=no
ac_cv_header_inttypes_h=yes
ac_cv_header_memory_h=yes
ac_cv_header_paths_h=yes
ac_cv_header_shadow_h=no
ac_cv_header_stat_broken=no
ac_cv_header_stdc=yes
ac_cv_header_stdint_h=yes
ac_cv_header_stdlib_h=yes
ac_cv_header_string_h=yes
ac_cv_header_strings_h=yes
ac_cv_header_sys_stat_h=yes
ac_cv_header_sys_types_h=yes
ac_cv_header_unistd_h=yes
ac_cv_header_utmp_h=yes
ac_cv_header_utmpx_h=yes
ac_cv_header_wchar_h=yes
ac_cv_header_wctype_h=yes
ac_cv_host=x86_64-apple-darwin19.6.0
ac_cv_host_system_type=x86_64-apple-darwin19.6.0
ac_cv_member_struct_dirent_d_ino=yes
ac_cv_member_struct_sockaddr_storage_ss_family=yes
ac_cv_member_struct_utmp_ut_host=yes
ac_cv_member_struct_utmp_ut_tv=yes
ac_cv_member_struct_utmp_ut_user=yes
ac_cv_member_struct_utmp_ut_xtime=no
ac_cv_member_struct_utmpx_ut_host=yes
ac_cv_member_struct_utmpx_ut_tv=yes
ac_cv_member_struct_utmpx_ut_user=yes
ac_cv_member_struct_utmpx_ut_xtime=no
ac_cv_objext=o
ac_cv_path_EGREP='/usr/bin/grep -E'
ac_cv_path_GENCAT=/usr/bin/gencat
ac_cv_path_GREP=/usr/bin/grep
ac_cv_path_install='/usr/bin/install -c'
ac_cv_prog_CPP='/Users/ariel/private-bin/clang -E'
ac_cv_prog_ac_ct_CC=/Users/ariel/private-bin/clang
ac_cv_prog_cc_c89=
ac_cv_prog_cc_g=yes
ac_cv_prog_gcc_traditional=no
ac_cv_search_catgets='none required'
ac_cv_search_connect='none required'
ac_cv_search_crypt='none required'
ac_cv_search_gethostbyname='none required'
ac_cv_search_getspnam=no
ac_cv_search_opendir='none required'
ac_cv_search_tgetent=-ltermcap
ac_cv_sizeof_wchar_t=4
ac_cv_type_getgroups=gid_t
ac_cv_type_long_long=yes
ac_cv_type_mode_t=yes
ac_cv_type_size_t=yes
ac_cv_type_socklen_t=yes
ac_cv_type_ssize_t=yes
ac_cv_type_uid_t=yes
acl_cv_hardcode_direct=no
acl_cv_hardcode_libdir_flag_spec=
acl_cv_hardcode_libdir_separator=
acl_cv_hardcode_minus_L=no
acl_cv_libext=a
acl_cv_path_LD=/Users/ariel/private-bin/ld
acl_cv_prog_gnu_ld=no
acl_cv_rpath=done
acl_cv_shlibext=dylib
acl_cv_wl=-Wl,
am_cv_func_iconv=yes
am_cv_func_iconv_works=yes
am_cv_lib_iconv=yes
am_cv_proto_iconv='extern size_t iconv (iconv_t cd, char * *inbuf, size_t *inbytesleft, char * *outbuf, size_t *outbytesleft);'
am_cv_proto_iconv_arg1=

## ----------------- ##
## Output variables. ##
## ----------------- ##

BUILD_CATALOGS='yes'
CC='/Users/ariel/private-bin/clang'
CC_FOR_GETHOST='$(CC)'
CFLAGS='-arch x86_64 -arch i386 -D_PATH_TCSHELL='\''"/bin/tcsh"'\'' -no-cpp-precomp -mdynamic-no-pic -DDARWIN -fstack-protector-all'
CPP='/Users/ariel/private-bin/clang -E'
CPPFLAGS='-isystem/Users/ariel/git/darling/Developer/Platforms/MacOSX.platform/Developer/SDKs/MacOSX.sdk/usr/include -isystem/Users/ariel/arch/build/darling/Developer/Platforms/MacOSX.platform/Developer/SDKs/MacOSX.sdk/usr/include -isystem/Users/ariel/git/darling/framework-include -DDARLING'
DEFS='-DHAVE_CONFIG_H'
DFLAGS=''
ECHO_C='\c'
ECHO_N=''
ECHO_T=''
EGREP='/usr/bin/grep -E'
EXEEXT=''
GENCAT='/usr/bin/gencat'
GREP='/usr/bin/grep'
HESDEF=''
HESLIB=''
INSTALL_DATA='${INSTALL} -m 644'
INSTALL_PROGRAM='${INSTALL}'
INSTALL_SCRIPT='${INSTALL}'
LDFLAGS=''
LIBICONV='-liconv'
LIBOBJS=''
LIBS='-ltermcap '
LTLIBICONV='-liconv'
LTLIBOBJS=''
OBJEXT='o'
PACKAGE_BUGREPORT='https://bugs.astron.com/'
PACKAGE_NAME='tcsh'
PACKAGE_STRING='tcsh 6.21.00'
PACKAGE_TARNAME='tcsh'
PACKAGE_URL=''
PACKAGE_VERSION='6.21.00'
PATH_SEPARATOR=':'
SHELL='/bin/sh'
ac_ct_CC='/Users/ariel/private-bin/clang'
bindir='/bin'
build='x86_64-apple-darwin19.6.0'
build_alias=''
build_cpu='x86_64'
build_os='darwin19.6.0'
build_vendor='apple'
datadir='${datarootdir}'
datarootdir='${prefix}/share'
docdir='${datarootdir}/doc/${PACKAGE_TARNAME}'
dvidir='${docdir}'
exec_prefix='${prefix}'
host='x86_64-apple-darwin19.6.0'
host_alias=''
host_cpu='x86_64'
host_os='darwin19.6.0'
host_vendor='apple'
htmldir='${docdir}'
includedir='${prefix}/include'
infodir='${datarootdir}/info'
libdir='${exec_prefix}/lib'
libexecdir='${exec_prefix}/libexec'
localedir='${datarootdir}/locale'
localstatedir='${prefix}/var'
mandir='${datarootdir}/man'
oldincludedir='/usr/include'
pdfdir='${docdir}'
prefix='/usr/local'
program_transform_name='s,x,x,'
psdir='${docdir}'
sbindir='${exec_prefix}/sbin'
sharedstatedir='${prefix}/com'
sysconfdir='${prefix}/etc'
target_alias=''

## ----------- ##
## confdefs.h. ##
## ----------- ##

/* confdefs.h */
#define PACKAGE_NAME "tcsh"
#define PACKAGE_TARNAME "tcsh"
#define PACKAGE_VERSION "6.21.00"
#define PACKAGE_STRING "tcsh 6.21.00"
#define PACKAGE_BUGREPORT "https://bugs.astron.com/"
#define PACKAGE_URL ""
#define HAVE_ICONV 1
#define ICONV_CONST 
#define STDC_HEADERS 1
#define HAVE_SYS_TYPES_H 1
#define HAVE_SYS_STAT_H 1
#define HAVE_STDLIB_H 1
#define HAVE_STRING_H 1
#define HAVE_MEMORY_H 1
#define HAVE_STRINGS_H 1
#define HAVE_INTTYPES_H 1
#define HAVE_STDINT_H 1
#define HAVE_UNISTD_H 1
#define HAVE_INTTYPES_H 1
#define HAVE_PATHS_H 1
#define HAVE_STDINT_H 1
#define HAVE_UTMP_H 1
#define HAVE_UTMPX_H 1
#define HAVE_WCHAR_H 1
#define SIZEOF_WCHAR_T 4
#define HAVE_WCTYPE_H 1
#define HAVE_DIRENT_H 1
#define STDC_HEADERS 1
#define HAVE_LONG_LONG 1
#define GETGROUPS_T gid_t
#define HAVE_STRUCT_DIRENT_D_INO 1
#define HAVE_STRUCT_UTMP_UT_HOST 1
#define HAVE_STRUCT_UTMP_UT_USER 1
#define HAVE_STRUCT_UTMP_UT_TV 1
#define HAVE_STRUCT_UTMPX_UT_HOST 1
#define HAVE_STRUCT_UTMPX_UT_USER 1
#define HAVE_STRUCT_UTMPX_UT_TV 1
#define HAVE_STRUCT_SOCKADDR_STORAGE_SS_FAMILY 1
#define HAVE_DECL_CRYPT 1
#define HAVE_DECL_ENVIRON 0
#define HAVE_DECL_GETHOSTNAME 1
#define HAVE_DECL_GETPGRP 1
#define HAVE_DUP2 1
#define HAVE_GETCWD 1
#define HAVE_GETHOSTNAME 1
#define HAVE_GETPWENT 1
#define HAVE_GETUTXENT 1
#define HAVE_MBLEN 1
#define HAVE_MEMMOVE 1
#define HAVE_MEMSET 1
#define HAVE_MKSTEMP 1
#define HAVE_NICE 1
#define HAVE_NL_LANGINFO 1
#define HAVE_SETPGID 1
#define HAVE_SETPRIORITY 1
#define HAVE_STRERROR 1
#define HAVE_STRSTR 1
#define HAVE_SYSCONF 1
#define HAVE_WCWIDTH 1
#define GETPGRP_VOID 1
#define HAVE_MBRTOWC 1
#define SETPGRP_VOID 1
#define HAVE_STRCOLL 1
#define NLS 1
#define NLS_CATALOGS 1

configure: exit 0
